[2025-07-23 12:57:33][neurapy_logger.drawing_functions][INFO] : Logging to file: Application_Real_Time\Robot\data\logs\drawing_drawing_functions_2025-07-23_12-57-33.log
[2025-07-23 13:00:30][neurapy_logger.drawing_functions][INFO] : Drawing circle with radius: 0.049 m
[2025-07-23 13:00:31][neurapy_logger.drawing_functions][DEBUG] : First point (lifted): [np.float64(0.593), 0.246, np.float64(1.536), 1.243, 1.313, 2.874]
[2025-07-23 13:00:31][neurapy_logger.drawing_functions][DEBUG] : First point (lifted) IK computed successfully
[2025-07-23 13:00:31][neurapy_logger.drawing_functions][DEBUG] : Point 2 (angle 0.5°) IK computed successfully
[2025-07-23 13:00:31][neurapy_logger.drawing_functions][DEBUG] : Point 3 (angle 1.0°) IK computed successfully
[2025-07-23 13:00:31][neurapy_logger.drawing_functions][DEBUG] : Point 4 (angle 1.6°) IK computed successfully
[2025-07-23 13:00:31][neurapy_logger.drawing_functions][DEBUG] : Point 5 (angle 2.1°) IK computed successfully
[2025-07-23 13:00:31][neurapy_logger.drawing_functions][DEBUG] : Point 6 (angle 2.6°) IK computed successfully
[2025-07-23 13:00:31][neurapy_logger.drawing_functions][DEBUG] : Point 7 (angle 3.1°) IK computed successfully
[2025-07-23 13:00:32][neurapy_logger.drawing_functions][DEBUG] : Point 8 (angle 3.7°) IK computed successfully
[2025-07-23 13:00:32][neurapy_logger.drawing_functions][DEBUG] : Point 9 (angle 4.2°) IK computed successfully
[2025-07-23 13:00:32][neurapy_logger.drawing_functions][DEBUG] : Point 10 (angle 4.7°) IK computed successfully
[2025-07-23 13:00:32][neurapy_logger.drawing_functions][DEBUG] : Point 11 (angle 5.2°) IK computed successfully
[2025-07-23 13:00:32][neurapy_logger.drawing_functions][DEBUG] : Point 12 (angle 5.8°) IK computed successfully
[2025-07-23 13:00:32][neurapy_logger.drawing_functions][DEBUG] : Circle completion point (angle 0.0°) IK computed successfully
[2025-07-23 13:00:32][neurapy_logger.drawing_functions][DEBUG] : Using reference joints: [2.731, -0.817, -0.608, 1.005, -0.669, 0.999, 0.074]
[2025-07-23 13:00:34][neurapy_logger.drawing_functions][DEBUG] : Moved to first point with pen lifted
[2025-07-23 13:00:51][neurapy_logger.drawing_functions][INFO] : Circle completed successfully!
[2025-07-23 13:03:18][neurapy_logger.drawing_functions][INFO] : Drawing circle with radius: 0.049 m
[2025-07-23 13:03:19][neurapy_logger.drawing_functions][DEBUG] : First point (lifted): [np.float64(0.57), 0.247, np.float64(1.284), 1.162, 1.403, 2.79]
[2025-07-23 13:03:19][neurapy_logger.drawing_functions][DEBUG] : First point (lifted) IK computed successfully
[2025-07-23 13:03:19][neurapy_logger.drawing_functions][DEBUG] : Point 2 (angle 0.5°) IK computed successfully
[2025-07-23 13:03:19][neurapy_logger.drawing_functions][DEBUG] : Point 3 (angle 1.0°) IK computed successfully
[2025-07-23 13:03:20][neurapy_logger.drawing_functions][DEBUG] : Point 4 (angle 1.6°) IK computed successfully
[2025-07-23 13:03:20][neurapy_logger.drawing_functions][DEBUG] : Point 5 (angle 2.1°) IK computed successfully
[2025-07-23 13:03:20][neurapy_logger.drawing_functions][DEBUG] : Point 6 (angle 2.6°) IK computed successfully
[2025-07-23 13:03:20][neurapy_logger.drawing_functions][DEBUG] : Point 7 (angle 3.1°) IK computed successfully
[2025-07-23 13:03:20][neurapy_logger.drawing_functions][DEBUG] : Point 8 (angle 3.7°) IK computed successfully
[2025-07-23 13:03:20][neurapy_logger.drawing_functions][DEBUG] : Point 9 (angle 4.2°) IK computed successfully
[2025-07-23 13:03:20][neurapy_logger.drawing_functions][DEBUG] : Point 10 (angle 4.7°) IK computed successfully
[2025-07-23 13:03:20][neurapy_logger.drawing_functions][DEBUG] : Point 11 (angle 5.2°) IK computed successfully
[2025-07-23 13:03:20][neurapy_logger.drawing_functions][DEBUG] : Point 12 (angle 5.8°) IK computed successfully
[2025-07-23 13:03:20][neurapy_logger.drawing_functions][DEBUG] : Circle completion point (angle 0.0°) IK computed successfully
[2025-07-23 13:03:20][neurapy_logger.drawing_functions][DEBUG] : Using reference joints: [2.553, -1.087, -0.61, 1.551, -0.729, 0.76, 0.074]
[2025-07-23 13:03:23][neurapy_logger.drawing_functions][DEBUG] : Moved to first point with pen lifted
[2025-07-23 13:03:39][neurapy_logger.drawing_functions][INFO] : Circle completed successfully!
