[2025-07-22 18:13:28][neurapy_logger.drawer][INFO] : Logging to file: Application_Real_Time\Robot\data\logs\drawing_drawer_2025-07-22_18-13-28.log
[2025-07-22 18:13:28][neurapy_logger.drawer][INFO] : Logging to file: Application_Real_Time\Robot\data\logs\drawing_drawer_2025-07-22_18-13-28.log
[2025-07-22 18:13:28][neurapy_logger.drawer][INFO] : Logging to file: Application_Real_Time\Robot\data\logs\drawing_drawer_2025-07-22_18-13-28.log
[2025-07-22 18:13:28][neurapy_logger.drawer][INFO] : Robot initialized and ready.
[2025-07-22 18:13:28][neurapy_logger.drawer][INFO] : Robot initialized and ready.
[2025-07-22 18:13:32][neurapy_logger.drawer][DEBUG] : Radii to try: [0.049      0.04908333 0.04916667 0.04925    0.04933333 0.04941667
 0.0495     0.04958333 0.04966667 0.04975    0.04983333 0.04991667
 0.05       0.05008333 0.05016667 0.05025    0.05033333 0.05041667
 0.0505     0.05058333 0.05066667 0.05075    0.05083333 0.05091667
 0.051     ]
[2025-07-22 18:13:32][neurapy_logger.drawer][DEBUG] : Radii to try: [0.049      0.04908333 0.04916667 0.04925    0.04933333 0.04941667
 0.0495     0.04958333 0.04966667 0.04975    0.04983333 0.04991667
 0.05       0.05008333 0.05016667 0.05025    0.05033333 0.05041667
 0.0505     0.05058333 0.05066667 0.05075    0.05083333 0.05091667
 0.051     ]
[2025-07-22 18:13:32][neurapy_logger.drawer][DEBUG] : Starting precomputation for 25 radii during movement
[2025-07-22 18:13:32][neurapy_logger.drawer][DEBUG] : Starting precomputation for 25 radii during movement
[2025-07-22 18:13:32][neurapy_logger.drawer][ERROR] : Precomputation failed: name 'selected_pose' is not defined
[2025-07-22 18:13:32][neurapy_logger.drawer][ERROR] : Precomputation failed: name 'selected_pose' is not defined
[2025-07-22 18:13:32][neurapy_logger.drawer][DEBUG] : Moving to selected position with pen lifting: middle_right
[2025-07-22 18:13:32][neurapy_logger.drawer][DEBUG] : Moving to selected position with pen lifting: middle_right
[2025-07-22 18:13:42][neurapy_logger.drawer][DEBUG] : Selected: middle_right, Pose: [0.521, 0.247, 1.284, 1.162, 1.403, 2.79]
[2025-07-22 18:13:42][neurapy_logger.drawer][DEBUG] : Selected: middle_right, Pose: [0.521, 0.247, 1.284, 1.162, 1.403, 2.79]
[2025-07-22 18:14:17][neurapy_logger.drawer][INFO] : Position middle_right - Duration: 44.47s, Success: True, Radius: 0.04916666666666667, Avg: 44.47s, Min: 44.47s, Max: 44.47s
[2025-07-22 18:14:17][neurapy_logger.drawer][INFO] : Position middle_right - Duration: 44.47s, Success: True, Radius: 0.04916666666666667, Avg: 44.47s, Min: 44.47s, Max: 44.47s
[2025-07-22 18:16:55][neurapy_logger.drawer][DEBUG] : Radii to try: [0.049      0.04908333 0.04916667 0.04925    0.04933333 0.04941667
 0.0495     0.04958333 0.04966667 0.04975    0.04983333 0.04991667
 0.05       0.05008333 0.05016667 0.05025    0.05033333 0.05041667
 0.0505     0.05058333 0.05066667 0.05075    0.05083333 0.05091667
 0.051     ]
[2025-07-22 18:16:55][neurapy_logger.drawer][DEBUG] : Radii to try: [0.049      0.04908333 0.04916667 0.04925    0.04933333 0.04941667
 0.0495     0.04958333 0.04966667 0.04975    0.04983333 0.04991667
 0.05       0.05008333 0.05016667 0.05025    0.05033333 0.05041667
 0.0505     0.05058333 0.05066667 0.05075    0.05083333 0.05091667
 0.051     ]
[2025-07-22 18:16:55][neurapy_logger.drawer][DEBUG] : Starting precomputation for 25 radii during movement
[2025-07-22 18:16:55][neurapy_logger.drawer][DEBUG] : Starting precomputation for 25 radii during movement
[2025-07-22 18:16:55][neurapy_logger.drawer][DEBUG] : Moving to selected position with pen lifting: upper_left
[2025-07-22 18:16:55][neurapy_logger.drawer][DEBUG] : Moving to selected position with pen lifting: upper_left
[2025-07-22 18:17:01][neurapy_logger.drawer][DEBUG] : Selected: upper_left, Pose: [0.023, 0.23, 1.562, 1.197, 1.458, 2.795]
[2025-07-22 18:17:01][neurapy_logger.drawer][DEBUG] : Selected: upper_left, Pose: [0.023, 0.23, 1.562, 1.197, 1.458, 2.795]
[2025-07-22 18:17:06][neurapy_logger.drawer][WARNING] : Precomputation timeout, falling back to original method
[2025-07-22 18:17:06][neurapy_logger.drawer][WARNING] : Precomputation timeout, falling back to original method
[2025-07-22 18:17:26][neurapy_logger.drawer][INFO] : Precomputation completed: 4 valid trajectories
[2025-07-22 18:17:26][neurapy_logger.drawer][INFO] : Precomputation completed: 4 valid trajectories
[2025-07-22 18:17:45][neurapy_logger.drawer][INFO] : Position upper_left - Duration: 49.96s, Success: True, Radius: 0.049, Avg: 49.96s, Min: 49.96s, Max: 49.96s
[2025-07-22 18:17:45][neurapy_logger.drawer][INFO] : Position upper_left - Duration: 49.96s, Success: True, Radius: 0.049, Avg: 49.96s, Min: 49.96s, Max: 49.96s
