[2025-07-22 17:41:39][neurapy_logger.drawing_utils][INFO] : Logging to file: NeuraPy\data\logs\drawing_drawing_utils_2025-07-22_17-41-39.log
[2025-07-22 17:41:40][neurapy_logger.drawing_utils][INFO] : Successfully loaded 9 positions from NeuraPy/data/tictactoe_positions_green.json
[2025-07-22 17:41:40][neurapy_logger.drawing_utils][ERROR] : Grid position file not found: NeuraPy/data/grid_positions_green.json
[2025-07-22 17:41:40][neurapy_logger.drawing_utils][INFO] : Moving to safe position...
[2025-07-22 17:41:48][neurapy_logger.drawing_utils][INFO] : Successfully moved to safe position in 7.868s
[2025-07-22 17:41:48][neurapy_logger.drawing_utils][DEBUG] : Moving to position with pen lifted
[2025-07-22 17:41:55][neurapy_logger.drawing_utils][DEBUG] : Successfully moved to position with pen lifting in 6.789s
[2025-07-22 17:41:55][neurapy_logger.drawing_utils][INFO] : Validating 12 pointswith lifting for radius 0.049m...
[2025-07-22 17:41:56][neurapy_logger.drawing_utils][INFO] : All 12 pointswith lifting validated successfully in 0.731s!
[2025-07-22 17:42:17][neurapy_logger.drawing_utils][INFO] : Moving to safe position...
[2025-07-22 17:42:26][neurapy_logger.drawing_utils][INFO] : Successfully moved to safe position in 9.083s
[2025-07-22 17:42:26][neurapy_logger.drawing_utils][INFO] : Applying scaling factor 1.15 for position upper_center
[2025-07-22 17:42:26][neurapy_logger.drawing_utils][DEBUG] : Moving to position with pen lifted
[2025-07-22 17:42:26][neurapy_logger.drawing_utils][DEBUG] : Precomputing trajectory for radius 0.049m
[2025-07-22 17:42:26][neurapy_logger.drawing_utils][INFO] : Validating 12 pointswith lifting for radius 0.049m...
[2025-07-22 17:42:26][neurapy_logger.drawing_utils][DEBUG] : Precomputing trajectory for radius 0.049m
[2025-07-22 17:42:26][neurapy_logger.drawing_utils][INFO] : Validating 12 pointswith lifting for radius 0.049m...
[2025-07-22 17:42:26][neurapy_logger.drawing_utils][DEBUG] : Precomputing trajectory for radius 0.049m
[2025-07-22 17:42:26][neurapy_logger.drawing_utils][INFO] : Validating 12 pointswith lifting for radius 0.049m...
[2025-07-22 17:42:26][neurapy_logger.drawing_utils][DEBUG] : Precomputing trajectory for radius 0.049m
[2025-07-22 17:42:26][neurapy_logger.drawing_utils][INFO] : Validating 12 pointswith lifting for radius 0.049m...
[2025-07-22 17:42:26][neurapy_logger.drawing_utils][DEBUG] : Precomputing trajectory for radius 0.049m
[2025-07-22 17:42:26][neurapy_logger.drawing_utils][INFO] : Validating 12 pointswith lifting for radius 0.049m...
[2025-07-22 17:42:26][neurapy_logger.drawing_utils][DEBUG] : Precomputing trajectory for radius 0.049m
[2025-07-22 17:42:26][neurapy_logger.drawing_utils][INFO] : Validating 12 pointswith lifting for radius 0.049m...
[2025-07-22 17:42:26][neurapy_logger.drawing_utils][DEBUG] : Precomputing trajectory for radius 0.050m
[2025-07-22 17:42:26][neurapy_logger.drawing_utils][INFO] : Validating 12 pointswith lifting for radius 0.050m...
[2025-07-22 17:42:26][neurapy_logger.drawing_utils][DEBUG] : Precomputing trajectory for radius 0.050m
[2025-07-22 17:42:26][neurapy_logger.drawing_utils][INFO] : Validating 12 pointswith lifting for radius 0.050m...
[2025-07-22 17:42:26][neurapy_logger.drawing_utils][DEBUG] : Precomputing trajectory for radius 0.050m
[2025-07-22 17:42:26][neurapy_logger.drawing_utils][INFO] : Validating 12 pointswith lifting for radius 0.050m...
[2025-07-22 17:42:26][neurapy_logger.drawing_utils][DEBUG] : Precomputing trajectory for radius 0.050m
[2025-07-22 17:42:26][neurapy_logger.drawing_utils][INFO] : Validating 12 pointswith lifting for radius 0.050m...
[2025-07-22 17:42:26][neurapy_logger.drawing_utils][DEBUG] : Precomputing trajectory for radius 0.050m
[2025-07-22 17:42:26][neurapy_logger.drawing_utils][INFO] : Validating 12 pointswith lifting for radius 0.050m...
[2025-07-22 17:42:26][neurapy_logger.drawing_utils][DEBUG] : Precomputing trajectory for radius 0.050m
[2025-07-22 17:42:26][neurapy_logger.drawing_utils][INFO] : Validating 12 pointswith lifting for radius 0.050m...
[2025-07-22 17:42:26][neurapy_logger.drawing_utils][DEBUG] : Precomputing trajectory for radius 0.050m
[2025-07-22 17:42:26][neurapy_logger.drawing_utils][INFO] : Validating 12 pointswith lifting for radius 0.050m...
[2025-07-22 17:42:26][neurapy_logger.drawing_utils][DEBUG] : Precomputing trajectory for radius 0.050m
[2025-07-22 17:42:26][neurapy_logger.drawing_utils][INFO] : Validating 12 pointswith lifting for radius 0.050m...
[2025-07-22 17:42:26][neurapy_logger.drawing_utils][DEBUG] : Precomputing trajectory for radius 0.050m
[2025-07-22 17:42:26][neurapy_logger.drawing_utils][INFO] : Validating 12 pointswith lifting for radius 0.050m...
[2025-07-22 17:42:26][neurapy_logger.drawing_utils][DEBUG] : Precomputing trajectory for radius 0.050m
[2025-07-22 17:42:26][neurapy_logger.drawing_utils][INFO] : Validating 12 pointswith lifting for radius 0.050m...
[2025-07-22 17:42:26][neurapy_logger.drawing_utils][DEBUG] : Precomputing trajectory for radius 0.050m
[2025-07-22 17:42:26][neurapy_logger.drawing_utils][INFO] : Validating 12 pointswith lifting for radius 0.050m...
[2025-07-22 17:42:26][neurapy_logger.drawing_utils][DEBUG] : Precomputing trajectory for radius 0.050m
[2025-07-22 17:42:26][neurapy_logger.drawing_utils][INFO] : Validating 12 pointswith lifting for radius 0.050m...
[2025-07-22 17:42:26][neurapy_logger.drawing_utils][DEBUG] : Precomputing trajectory for radius 0.051m
[2025-07-22 17:42:26][neurapy_logger.drawing_utils][INFO] : Validating 12 pointswith lifting for radius 0.051m...
[2025-07-22 17:42:26][neurapy_logger.drawing_utils][DEBUG] : Precomputing trajectory for radius 0.051m
[2025-07-22 17:42:26][neurapy_logger.drawing_utils][INFO] : Validating 12 pointswith lifting for radius 0.051m...
[2025-07-22 17:42:26][neurapy_logger.drawing_utils][DEBUG] : Precomputing trajectory for radius 0.051m
[2025-07-22 17:42:26][neurapy_logger.drawing_utils][INFO] : Validating 12 pointswith lifting for radius 0.051m...
[2025-07-22 17:42:26][neurapy_logger.drawing_utils][DEBUG] : Precomputing trajectory for radius 0.051m
[2025-07-22 17:42:26][neurapy_logger.drawing_utils][INFO] : Validating 12 pointswith lifting for radius 0.051m...
[2025-07-22 17:42:26][neurapy_logger.drawing_utils][DEBUG] : Precomputing trajectory for radius 0.051m
[2025-07-22 17:42:26][neurapy_logger.drawing_utils][INFO] : Validating 12 pointswith lifting for radius 0.051m...
[2025-07-22 17:42:26][neurapy_logger.drawing_utils][DEBUG] : Precomputing trajectory for radius 0.051m
[2025-07-22 17:42:26][neurapy_logger.drawing_utils][INFO] : Validating 12 pointswith lifting for radius 0.051m...
[2025-07-22 17:42:26][neurapy_logger.drawing_utils][DEBUG] : Precomputing trajectory for radius 0.051m
[2025-07-22 17:42:26][neurapy_logger.drawing_utils][INFO] : Validating 12 pointswith lifting for radius 0.051m...
[2025-07-22 17:42:28][neurapy_logger.drawing_utils][WARNING] : Point 1 (angle 0.0°) not reachable: Couldn't find the IK for the given pose
[2025-07-22 17:42:28][neurapy_logger.drawing_utils][DEBUG] : Regular pose: [np.float64(0.349), 0.237, np.float64(1.546), 1.205, 1.423, 2.81]
[2025-07-22 17:42:28][neurapy_logger.drawing_utils][DEBUG] : Lifted pose: [np.float64(0.349), 0.217, np.float64(1.546), 1.205, 1.423, 2.81]
[2025-07-22 17:42:29][neurapy_logger.drawing_utils][INFO] : All 12 pointswith lifting validated successfully in 2.933s!
[2025-07-22 17:42:29][neurapy_logger.drawing_utils][WARNING] : Point 7 (angle 3.1°) not reachable: Couldn't find the IK for the given pose
[2025-07-22 17:42:29][neurapy_logger.drawing_utils][WARNING] : Point 1 (angle 0.0°) not reachable: Couldn't find the IK for the given pose
[2025-07-22 17:42:29][neurapy_logger.drawing_utils][DEBUG] : Regular pose: [np.float64(0.348), 0.237, np.float64(1.546), 1.205, 1.423, 2.81]
[2025-07-22 17:42:29][neurapy_logger.drawing_utils][DEBUG] : Lifted pose: [np.float64(0.348), 0.217, np.float64(1.546), 1.205, 1.423, 2.81]
[2025-07-22 17:42:30][neurapy_logger.drawing_utils][WARNING] : Point 1 (angle 0.0°) not reachable: Couldn't find the IK for the given pose
[2025-07-22 17:42:30][neurapy_logger.drawing_utils][DEBUG] : Regular pose: [np.float64(0.35), 0.237, np.float64(1.546), 1.205, 1.423, 2.81]
[2025-07-22 17:42:30][neurapy_logger.drawing_utils][DEBUG] : Lifted pose: [np.float64(0.35), 0.217, np.float64(1.546), 1.205, 1.423, 2.81]
[2025-07-22 17:42:30][neurapy_logger.drawing_utils][WARNING] : Point 1 (angle 0.0°) not reachable: Couldn't find the IK for the given pose
[2025-07-22 17:42:30][neurapy_logger.drawing_utils][DEBUG] : Regular pose: [np.float64(0.35), 0.237, np.float64(1.546), 1.205, 1.423, 2.81]
[2025-07-22 17:42:30][neurapy_logger.drawing_utils][DEBUG] : Lifted pose: [np.float64(0.35), 0.217, np.float64(1.546), 1.205, 1.423, 2.81]
[2025-07-22 17:42:30][neurapy_logger.drawing_utils][WARNING] : Point 1 (angle 0.0°) not reachable: Couldn't find the IK for the given pose
[2025-07-22 17:42:30][neurapy_logger.drawing_utils][DEBUG] : Regular pose: [np.float64(0.35), 0.237, np.float64(1.546), 1.205, 1.423, 2.81]
[2025-07-22 17:42:30][neurapy_logger.drawing_utils][DEBUG] : Lifted pose: [np.float64(0.35), 0.217, np.float64(1.546), 1.205, 1.423, 2.81]
[2025-07-22 17:42:31][neurapy_logger.drawing_utils][WARNING] : Point 7 (angle 3.1°) not reachable: Couldn't find the IK for the given pose
[2025-07-22 17:42:31][neurapy_logger.drawing_utils][INFO] : All 12 pointswith lifting validated successfully in 5.317s!
[2025-07-22 17:42:31][neurapy_logger.drawing_utils][INFO] : All 12 pointswith lifting validated successfully in 5.539s!
[2025-07-22 17:42:31][neurapy_logger.drawing_utils][INFO] : All 12 pointswith lifting validated successfully in 5.552s!
