[2025-07-22 17:41:39][neurapy_logger.drawer][INFO] : Logging to file: NeuraPy\data\logs\drawing_drawer_2025-07-22_17-41-39.log
[2025-07-22 17:41:39][neurapy_logger.drawer][INFO] : Logging to file: NeuraPy\data\logs\drawing_drawer_2025-07-22_17-41-39.log
[2025-07-22 17:41:39][neurapy_logger.drawer][INFO] : Logging to file: NeuraPy\data\logs\drawing_drawer_2025-07-22_17-41-39.log
[2025-07-22 17:41:39][neurapy_logger.drawer][INFO] : Robot initialized and ready.
[2025-07-22 17:41:39][neurapy_logger.drawer][INFO] : Robot initialized and ready.
[2025-07-22 17:41:40][neurapy_logger.drawer][WARNING] : No grid positions found. Grid drawing will be disabled.
[2025-07-22 17:41:40][neurapy_logger.drawer][WARNING] : No grid positions found. Grid drawing will be disabled.
[2025-07-22 17:41:48][neurapy_logger.drawer][DEBUG] : Radii to try: [0.049      0.04908333 0.04916667 0.04925    0.04933333 0.04941667
 0.0495     0.04958333 0.04966667 0.04975    0.04983333 0.04991667
 0.05       0.05008333 0.05016667 0.05025    0.05033333 0.05041667
 0.0505     0.05058333 0.05066667 0.05075    0.05083333 0.05091667
 0.051     ]
[2025-07-22 17:41:48][neurapy_logger.drawer][DEBUG] : Radii to try: [0.049      0.04908333 0.04916667 0.04925    0.04933333 0.04941667
 0.0495     0.04958333 0.04966667 0.04975    0.04983333 0.04991667
 0.05       0.05008333 0.05016667 0.05025    0.05033333 0.05041667
 0.0505     0.05058333 0.05066667 0.05075    0.05083333 0.05091667
 0.051     ]
[2025-07-22 17:41:48][neurapy_logger.drawer][DEBUG] : Starting precomputation for 25 radii during movement
[2025-07-22 17:41:48][neurapy_logger.drawer][DEBUG] : Starting precomputation for 25 radii during movement
[2025-07-22 17:41:48][neurapy_logger.drawer][ERROR] : Precomputation failed: name 'selected_pose' is not defined
[2025-07-22 17:41:48][neurapy_logger.drawer][ERROR] : Precomputation failed: name 'selected_pose' is not defined
[2025-07-22 17:41:48][neurapy_logger.drawer][DEBUG] : Moving to selected position with pen lifting: upper_center
[2025-07-22 17:41:48][neurapy_logger.drawer][DEBUG] : Moving to selected position with pen lifting: upper_center
[2025-07-22 17:41:55][neurapy_logger.drawer][DEBUG] : Selected: upper_center, Pose: [0.299, 0.237, 1.546, 1.205, 1.423, 2.81]
[2025-07-22 17:41:55][neurapy_logger.drawer][DEBUG] : Selected: upper_center, Pose: [0.299, 0.237, 1.546, 1.205, 1.423, 2.81]
[2025-07-22 17:42:26][neurapy_logger.drawer][INFO] : Position upper_center - Duration: 37.52s, Success: True, Radius: 0.049, Avg: 37.52s, Min: 37.52s, Max: 37.52s
[2025-07-22 17:42:26][neurapy_logger.drawer][INFO] : Position upper_center - Duration: 37.52s, Success: True, Radius: 0.049, Avg: 37.52s, Min: 37.52s, Max: 37.52s
[2025-07-22 17:42:26][neurapy_logger.drawer][DEBUG] : Radii to try: [0.049      0.04908333 0.04916667 0.04925    0.04933333 0.04941667
 0.0495     0.04958333 0.04966667 0.04975    0.04983333 0.04991667
 0.05       0.05008333 0.05016667 0.05025    0.05033333 0.05041667
 0.0505     0.05058333 0.05066667 0.05075    0.05083333 0.05091667
 0.051     ]
[2025-07-22 17:42:26][neurapy_logger.drawer][DEBUG] : Radii to try: [0.049      0.04908333 0.04916667 0.04925    0.04933333 0.04941667
 0.0495     0.04958333 0.04966667 0.04975    0.04983333 0.04991667
 0.05       0.05008333 0.05016667 0.05025    0.05033333 0.05041667
 0.0505     0.05058333 0.05066667 0.05075    0.05083333 0.05091667
 0.051     ]
[2025-07-22 17:42:26][neurapy_logger.drawer][DEBUG] : Starting precomputation for 25 radii during movement
[2025-07-22 17:42:26][neurapy_logger.drawer][DEBUG] : Starting precomputation for 25 radii during movement
[2025-07-22 17:42:26][neurapy_logger.drawer][DEBUG] : Moving to selected position with pen lifting: upper_center
[2025-07-22 17:42:26][neurapy_logger.drawer][DEBUG] : Moving to selected position with pen lifting: upper_center
