[2025-07-23 12:46:44][neurapy_logger.drawing_functions][INFO] : Logging to file: Application_Real_Time\Robot\data\logs\drawing_drawing_functions_2025-07-23_12-46-44.log
[2025-07-23 12:47:00][neurapy_logger.drawing_functions][INFO] : Drawing circle with radius: 0.049 m
[2025-07-23 12:47:00][neurapy_logger.drawing_functions][ERROR] : Circle validation with lifting failed for radius 0.049m
[2025-07-23 12:47:00][neurapy_logger.drawing_functions][INFO] : Drawing circle with radius: 0.049 m
[2025-07-23 12:47:01][neurapy_logger.drawing_functions][ERROR] : Circle validation with lifting failed for radius 0.049m
[2025-07-23 12:47:01][neurapy_logger.drawing_functions][INFO] : Drawing circle with radius: 0.049 m
[2025-07-23 12:47:02][neurapy_logger.drawing_functions][DEBUG] : First point (lifted): [np.float64(0.593), 0.246, np.float64(1.536), 1.244, 1.314, 2.874]
[2025-07-23 12:47:02][neurapy_logger.drawing_functions][DEBUG] : First point (lifted) IK computed successfully
[2025-07-23 12:47:02][neurapy_logger.drawing_functions][DEBUG] : Point 2 (angle 0.5°) IK computed successfully
[2025-07-23 12:47:02][neurapy_logger.drawing_functions][DEBUG] : Point 3 (angle 1.0°) IK computed successfully
[2025-07-23 12:47:02][neurapy_logger.drawing_functions][DEBUG] : Point 4 (angle 1.6°) IK computed successfully
[2025-07-23 12:47:02][neurapy_logger.drawing_functions][DEBUG] : Point 5 (angle 2.1°) IK computed successfully
[2025-07-23 12:47:02][neurapy_logger.drawing_functions][DEBUG] : Point 6 (angle 2.6°) IK computed successfully
[2025-07-23 12:47:02][neurapy_logger.drawing_functions][DEBUG] : Point 7 (angle 3.1°) IK computed successfully
[2025-07-23 12:47:03][neurapy_logger.drawing_functions][DEBUG] : Point 8 (angle 3.7°) IK computed successfully
[2025-07-23 12:47:03][neurapy_logger.drawing_functions][DEBUG] : Point 9 (angle 4.2°) IK computed successfully
[2025-07-23 12:47:03][neurapy_logger.drawing_functions][DEBUG] : Point 10 (angle 4.7°) IK computed successfully
[2025-07-23 12:47:03][neurapy_logger.drawing_functions][DEBUG] : Point 11 (angle 5.2°) IK computed successfully
[2025-07-23 12:47:03][neurapy_logger.drawing_functions][DEBUG] : Point 12 (angle 5.8°) IK computed successfully
[2025-07-23 12:47:03][neurapy_logger.drawing_functions][DEBUG] : Circle completion point (angle 0.0°) IK computed successfully
[2025-07-23 12:47:03][neurapy_logger.drawing_functions][DEBUG] : Using reference joints: [2.731, -0.817, -0.608, 1.005, -0.669, 1.0, 0.074]
[2025-07-23 12:47:05][neurapy_logger.drawing_functions][DEBUG] : Moved to first point with pen lifted
[2025-07-23 12:47:22][neurapy_logger.drawing_functions][INFO] : Circle completed successfully!
