[2025-07-22 18:36:54][neurapy_logger.drawer][INFO] : Logging to file: Application_Real_Time\Robot\data\logs\drawing_drawer_2025-07-22_18-36-54.log
[2025-07-22 18:36:54][neurapy_logger.drawer][INFO] : Logging to file: Application_Real_Time\Robot\data\logs\drawing_drawer_2025-07-22_18-36-54.log
[2025-07-22 18:36:54][neurapy_logger.drawer][INFO] : Logging to file: Application_Real_Time\Robot\data\logs\drawing_drawer_2025-07-22_18-36-54.log
[2025-07-22 18:36:54][neurapy_logger.drawer][INFO] : Robot initialized and ready.
[2025-07-22 18:36:54][neurapy_logger.drawer][INFO] : Robot initialized and ready.
[2025-07-22 18:37:21][neurapy_logger.drawer][DEBUG] : Radii to try: [0.049      0.04908333 0.04916667 0.04925    0.04933333 0.04941667
 0.0495     0.04958333 0.04966667 0.04975    0.04983333 0.04991667
 0.05       0.05008333 0.05016667 0.05025    0.05033333 0.05041667
 0.0505     0.05058333 0.05066667 0.05075    0.05083333 0.05091667
 0.051     ]
[2025-07-22 18:37:21][neurapy_logger.drawer][DEBUG] : Radii to try: [0.049      0.04908333 0.04916667 0.04925    0.04933333 0.04941667
 0.0495     0.04958333 0.04966667 0.04975    0.04983333 0.04991667
 0.05       0.05008333 0.05016667 0.05025    0.05033333 0.05041667
 0.0505     0.05058333 0.05066667 0.05075    0.05083333 0.05091667
 0.051     ]
[2025-07-22 18:37:21][neurapy_logger.drawer][DEBUG] : Starting precomputation for 25 radii during movement
[2025-07-22 18:37:21][neurapy_logger.drawer][DEBUG] : Starting precomputation for 25 radii during movement
[2025-07-22 18:37:21][neurapy_logger.drawer][ERROR] : Precomputation failed: name 'selected_pose' is not defined
[2025-07-22 18:37:21][neurapy_logger.drawer][ERROR] : Precomputation failed: name 'selected_pose' is not defined
[2025-07-22 18:37:21][neurapy_logger.drawer][DEBUG] : Moving to selected position with pen lifting: upper_right
[2025-07-22 18:37:21][neurapy_logger.drawer][DEBUG] : Moving to selected position with pen lifting: upper_right
[2025-07-22 18:37:30][neurapy_logger.drawer][DEBUG] : Selected: upper_right, Pose: [0.544, 0.246, 1.536, 1.244, 1.314, 2.874]
[2025-07-22 18:37:30][neurapy_logger.drawer][DEBUG] : Selected: upper_right, Pose: [0.544, 0.246, 1.536, 1.244, 1.314, 2.874]
[2025-07-22 18:38:02][neurapy_logger.drawer][INFO] : Position upper_right - Duration: 41.64s, Success: True, Radius: 0.049, Avg: 41.64s, Min: 41.64s, Max: 41.64s
[2025-07-22 18:38:02][neurapy_logger.drawer][INFO] : Position upper_right - Duration: 41.64s, Success: True, Radius: 0.049, Avg: 41.64s, Min: 41.64s, Max: 41.64s
[2025-07-22 18:38:53][neurapy_logger.drawer][DEBUG] : Radii to try: [0.049      0.04908333 0.04916667 0.04925    0.04933333 0.04941667
 0.0495     0.04958333 0.04966667 0.04975    0.04983333 0.04991667
 0.05       0.05008333 0.05016667 0.05025    0.05033333 0.05041667
 0.0505     0.05058333 0.05066667 0.05075    0.05083333 0.05091667
 0.051     ]
[2025-07-22 18:38:53][neurapy_logger.drawer][DEBUG] : Radii to try: [0.049      0.04908333 0.04916667 0.04925    0.04933333 0.04941667
 0.0495     0.04958333 0.04966667 0.04975    0.04983333 0.04991667
 0.05       0.05008333 0.05016667 0.05025    0.05033333 0.05041667
 0.0505     0.05058333 0.05066667 0.05075    0.05083333 0.05091667
 0.051     ]
[2025-07-22 18:38:53][neurapy_logger.drawer][DEBUG] : Starting precomputation for 25 radii during movement
[2025-07-22 18:38:53][neurapy_logger.drawer][DEBUG] : Starting precomputation for 25 radii during movement
[2025-07-22 18:38:53][neurapy_logger.drawer][DEBUG] : Moving to selected position with pen lifting: middle_left
[2025-07-22 18:38:53][neurapy_logger.drawer][DEBUG] : Moving to selected position with pen lifting: middle_left
[2025-07-22 18:38:58][neurapy_logger.drawer][INFO] : Precomputation completed: 0 valid trajectories
[2025-07-22 18:38:58][neurapy_logger.drawer][INFO] : Precomputation completed: 0 valid trajectories
[2025-07-22 18:39:00][neurapy_logger.drawer][DEBUG] : Selected: middle_left, Pose: [0.025, 0.233, 1.307, 1.268, 1.531, 2.879]
[2025-07-22 18:39:00][neurapy_logger.drawer][DEBUG] : Selected: middle_left, Pose: [0.025, 0.233, 1.307, 1.268, 1.531, 2.879]
[2025-07-22 18:39:43][neurapy_logger.drawer][INFO] : Position middle_left - Duration: 49.65s, Success: True, Radius: 0.04908333333333333, Avg: 49.65s, Min: 49.65s, Max: 49.65s
[2025-07-22 18:39:43][neurapy_logger.drawer][INFO] : Position middle_left - Duration: 49.65s, Success: True, Radius: 0.04908333333333333, Avg: 49.65s, Min: 49.65s, Max: 49.65s
[2025-07-22 18:45:55][neurapy_logger.drawer][ERROR] : Unhandled exception: No columns to parse from file
[2025-07-22 18:45:55][neurapy_logger.drawer][ERROR] : Unhandled exception: No columns to parse from file
[2025-07-22 18:46:06][neurapy_logger.drawer][ERROR] : Unhandled exception: No columns to parse from file
[2025-07-22 18:46:06][neurapy_logger.drawer][ERROR] : Unhandled exception: No columns to parse from file
[2025-07-22 18:46:14][neurapy_logger.drawer][ERROR] : Unhandled exception: No columns to parse from file
[2025-07-22 18:46:14][neurapy_logger.drawer][ERROR] : Unhandled exception: No columns to parse from file
