[2025-07-22 18:09:05][neurapy_logger.drawer][INFO] : Logging to file: Application_Real_Time\Robot\data\logs\drawing_drawer_2025-07-22_18-09-05.log
[2025-07-22 18:09:05][neurapy_logger.drawer][INFO] : Logging to file: Application_Real_Time\Robot\data\logs\drawing_drawer_2025-07-22_18-09-05.log
[2025-07-22 18:09:05][neurapy_logger.drawer][INFO] : Logging to file: Application_Real_Time\Robot\data\logs\drawing_drawer_2025-07-22_18-09-05.log
[2025-07-22 18:09:05][neurapy_logger.drawer][INFO] : Robot initialized and ready.
[2025-07-22 18:09:05][neurapy_logger.drawer][INFO] : Robot initialized and ready.
[2025-07-22 18:09:12][neurapy_logger.drawer][DEBUG] : Radii to try: [0.049      0.04908333 0.04916667 0.04925    0.04933333 0.04941667
 0.0495     0.04958333 0.04966667 0.04975    0.04983333 0.04991667
 0.05       0.05008333 0.05016667 0.05025    0.05033333 0.05041667
 0.0505     0.05058333 0.05066667 0.05075    0.05083333 0.05091667
 0.051     ]
[2025-07-22 18:09:12][neurapy_logger.drawer][DEBUG] : Radii to try: [0.049      0.04908333 0.04916667 0.04925    0.04933333 0.04941667
 0.0495     0.04958333 0.04966667 0.04975    0.04983333 0.04991667
 0.05       0.05008333 0.05016667 0.05025    0.05033333 0.05041667
 0.0505     0.05058333 0.05066667 0.05075    0.05083333 0.05091667
 0.051     ]
[2025-07-22 18:09:12][neurapy_logger.drawer][DEBUG] : Starting precomputation for 25 radii during movement
[2025-07-22 18:09:12][neurapy_logger.drawer][DEBUG] : Starting precomputation for 25 radii during movement
[2025-07-22 18:09:12][neurapy_logger.drawer][ERROR] : Precomputation failed: name 'selected_pose' is not defined
[2025-07-22 18:09:12][neurapy_logger.drawer][ERROR] : Precomputation failed: name 'selected_pose' is not defined
[2025-07-22 18:09:12][neurapy_logger.drawer][DEBUG] : Moving to selected position with pen lifting: upper_right
[2025-07-22 18:09:12][neurapy_logger.drawer][DEBUG] : Moving to selected position with pen lifting: upper_right
[2025-07-22 18:09:22][neurapy_logger.drawer][DEBUG] : Selected: upper_right, Pose: [0.544, 0.246, 1.536, 1.244, 1.314, 2.874]
[2025-07-22 18:09:22][neurapy_logger.drawer][DEBUG] : Selected: upper_right, Pose: [0.544, 0.246, 1.536, 1.244, 1.314, 2.874]
[2025-07-22 18:09:53][neurapy_logger.drawer][INFO] : Position upper_right - Duration: 40.75s, Success: True, Radius: 0.049, Avg: 40.75s, Min: 40.75s, Max: 40.75s
[2025-07-22 18:09:53][neurapy_logger.drawer][INFO] : Position upper_right - Duration: 40.75s, Success: True, Radius: 0.049, Avg: 40.75s, Min: 40.75s, Max: 40.75s
