[2025-07-23 12:57:33][neurapy_logger.drawing_utils][INFO] : Logging to file: Application_Real_Time\Robot\data\logs\drawing_drawing_utils_2025-07-23_12-57-33.log
[2025-07-23 12:57:34][neurapy_logger.drawing_utils][INFO] : Successfully loaded 9 positions from Application_Real_Time/Robot/data/tictactoe_positions_green.json
[2025-07-23 12:57:34][neurapy_logger.drawing_utils][INFO] : Successfully loaded 8 grid positions from Application_Real_Time/Robot/data/grid_positions_green.json
[2025-07-23 13:00:20][neurapy_logger.drawing_utils][DEBUG] : Moving to position with pen lifted
[2025-07-23 13:00:30][neurapy_logger.drawing_utils][DEBUG] : Successfully moved to position with pen lifting in 9.193s
[2025-07-23 13:00:30][neurapy_logger.drawing_utils][INFO] : Validating 12 pointswith lifting for radius 0.049m...
[2025-07-23 13:00:31][neurapy_logger.drawing_utils][INFO] : All 12 pointswith lifting validated successfully in 0.986s!
[2025-07-23 13:00:51][neurapy_logger.drawing_utils][INFO] : Moving to safe position...
[2025-07-23 13:01:02][neurapy_logger.drawing_utils][INFO] : Successfully moved to safe position in 10.864s
[2025-07-23 13:03:06][neurapy_logger.drawing_utils][DEBUG] : Moving to position with pen lifted
[2025-07-23 13:03:06][neurapy_logger.drawing_utils][DEBUG] : Precomputing trajectory for radius 0.049m
[2025-07-23 13:03:06][neurapy_logger.drawing_utils][INFO] : Validating 12 pointswith lifting for radius 0.049m...
[2025-07-23 13:03:06][neurapy_logger.drawing_utils][DEBUG] : Precomputing trajectory for radius 0.049m
[2025-07-23 13:03:06][neurapy_logger.drawing_utils][INFO] : Validating 12 pointswith lifting for radius 0.049m...
[2025-07-23 13:03:06][neurapy_logger.drawing_utils][DEBUG] : Precomputing trajectory for radius 0.049m
[2025-07-23 13:03:06][neurapy_logger.drawing_utils][INFO] : Validating 12 pointswith lifting for radius 0.049m...
[2025-07-23 13:03:06][neurapy_logger.drawing_utils][DEBUG] : Precomputing trajectory for radius 0.049m
[2025-07-23 13:03:06][neurapy_logger.drawing_utils][INFO] : Validating 12 pointswith lifting for radius 0.049m...
[2025-07-23 13:03:06][neurapy_logger.drawing_utils][DEBUG] : Precomputing trajectory for radius 0.049m
[2025-07-23 13:03:06][neurapy_logger.drawing_utils][INFO] : Validating 12 pointswith lifting for radius 0.049m...
[2025-07-23 13:03:06][neurapy_logger.drawing_utils][DEBUG] : Precomputing trajectory for radius 0.049m
[2025-07-23 13:03:06][neurapy_logger.drawing_utils][INFO] : Validating 12 pointswith lifting for radius 0.049m...
[2025-07-23 13:03:06][neurapy_logger.drawing_utils][DEBUG] : Precomputing trajectory for radius 0.050m
[2025-07-23 13:03:06][neurapy_logger.drawing_utils][INFO] : Validating 12 pointswith lifting for radius 0.050m...
[2025-07-23 13:03:06][neurapy_logger.drawing_utils][DEBUG] : Precomputing trajectory for radius 0.050m
[2025-07-23 13:03:06][neurapy_logger.drawing_utils][INFO] : Validating 12 pointswith lifting for radius 0.050m...
[2025-07-23 13:03:06][neurapy_logger.drawing_utils][DEBUG] : Precomputing trajectory for radius 0.050m
[2025-07-23 13:03:06][neurapy_logger.drawing_utils][INFO] : Validating 12 pointswith lifting for radius 0.050m...
[2025-07-23 13:03:06][neurapy_logger.drawing_utils][DEBUG] : Precomputing trajectory for radius 0.050m
[2025-07-23 13:03:06][neurapy_logger.drawing_utils][INFO] : Validating 12 pointswith lifting for radius 0.050m...
[2025-07-23 13:03:06][neurapy_logger.drawing_utils][DEBUG] : Precomputing trajectory for radius 0.050m
[2025-07-23 13:03:06][neurapy_logger.drawing_utils][INFO] : Validating 12 pointswith lifting for radius 0.050m...
[2025-07-23 13:03:06][neurapy_logger.drawing_utils][DEBUG] : Precomputing trajectory for radius 0.050m
[2025-07-23 13:03:06][neurapy_logger.drawing_utils][INFO] : Validating 12 pointswith lifting for radius 0.050m...
[2025-07-23 13:03:06][neurapy_logger.drawing_utils][DEBUG] : Precomputing trajectory for radius 0.050m
[2025-07-23 13:03:06][neurapy_logger.drawing_utils][INFO] : Validating 12 pointswith lifting for radius 0.050m...
[2025-07-23 13:03:06][neurapy_logger.drawing_utils][DEBUG] : Precomputing trajectory for radius 0.050m
[2025-07-23 13:03:06][neurapy_logger.drawing_utils][INFO] : Validating 12 pointswith lifting for radius 0.050m...
[2025-07-23 13:03:06][neurapy_logger.drawing_utils][DEBUG] : Precomputing trajectory for radius 0.050m
[2025-07-23 13:03:06][neurapy_logger.drawing_utils][INFO] : Validating 12 pointswith lifting for radius 0.050m...
[2025-07-23 13:03:06][neurapy_logger.drawing_utils][DEBUG] : Precomputing trajectory for radius 0.050m
[2025-07-23 13:03:06][neurapy_logger.drawing_utils][INFO] : Validating 12 pointswith lifting for radius 0.050m...
[2025-07-23 13:03:06][neurapy_logger.drawing_utils][DEBUG] : Precomputing trajectory for radius 0.050m
[2025-07-23 13:03:06][neurapy_logger.drawing_utils][INFO] : Validating 12 pointswith lifting for radius 0.050m...
[2025-07-23 13:03:06][neurapy_logger.drawing_utils][DEBUG] : Precomputing trajectory for radius 0.050m
[2025-07-23 13:03:06][neurapy_logger.drawing_utils][INFO] : Validating 12 pointswith lifting for radius 0.050m...
[2025-07-23 13:03:06][neurapy_logger.drawing_utils][DEBUG] : Precomputing trajectory for radius 0.051m
[2025-07-23 13:03:06][neurapy_logger.drawing_utils][INFO] : Validating 12 pointswith lifting for radius 0.051m...
[2025-07-23 13:03:06][neurapy_logger.drawing_utils][DEBUG] : Precomputing trajectory for radius 0.051m
[2025-07-23 13:03:06][neurapy_logger.drawing_utils][INFO] : Validating 12 pointswith lifting for radius 0.051m...
[2025-07-23 13:03:06][neurapy_logger.drawing_utils][DEBUG] : Precomputing trajectory for radius 0.051m
[2025-07-23 13:03:06][neurapy_logger.drawing_utils][INFO] : Validating 12 pointswith lifting for radius 0.051m...
[2025-07-23 13:03:06][neurapy_logger.drawing_utils][DEBUG] : Precomputing trajectory for radius 0.051m
[2025-07-23 13:03:06][neurapy_logger.drawing_utils][INFO] : Validating 12 pointswith lifting for radius 0.051m...
[2025-07-23 13:03:06][neurapy_logger.drawing_utils][DEBUG] : Precomputing trajectory for radius 0.051m
[2025-07-23 13:03:06][neurapy_logger.drawing_utils][INFO] : Validating 12 pointswith lifting for radius 0.051m...
[2025-07-23 13:03:06][neurapy_logger.drawing_utils][DEBUG] : Precomputing trajectory for radius 0.051m
[2025-07-23 13:03:06][neurapy_logger.drawing_utils][INFO] : Validating 12 pointswith lifting for radius 0.051m...
[2025-07-23 13:03:06][neurapy_logger.drawing_utils][DEBUG] : Precomputing trajectory for radius 0.051m
[2025-07-23 13:03:06][neurapy_logger.drawing_utils][INFO] : Validating 12 pointswith lifting for radius 0.051m...
[2025-07-23 13:03:06][neurapy_logger.drawing_utils][WARNING] : Point 1 (angle 0.0°) not reachable: Couldn't find the IK for the given pose
[2025-07-23 13:03:06][neurapy_logger.drawing_utils][DEBUG] : Regular pose: [np.float64(0.593), 0.246, np.float64(1.536), 1.243, 1.313, 2.874]
[2025-07-23 13:03:06][neurapy_logger.drawing_utils][DEBUG] : Lifted pose: [np.float64(0.593), 0.226, np.float64(1.536), 1.243, 1.313, 2.874]
[2025-07-23 13:03:06][neurapy_logger.drawing_utils][WARNING] : Point 1 (angle 0.0°) not reachable: Couldn't find the IK for the given pose
[2025-07-23 13:03:06][neurapy_logger.drawing_utils][DEBUG] : Regular pose: [np.float64(0.593), 0.246, np.float64(1.536), 1.243, 1.313, 2.874]
[2025-07-23 13:03:06][neurapy_logger.drawing_utils][DEBUG] : Lifted pose: [np.float64(0.593), 0.226, np.float64(1.536), 1.243, 1.313, 2.874]
[2025-07-23 13:03:07][neurapy_logger.drawing_utils][WARNING] : Point 1 (angle 0.0°) not reachable: Couldn't find the IK for the given pose
[2025-07-23 13:03:07][neurapy_logger.drawing_utils][DEBUG] : Regular pose: [np.float64(0.594), 0.246, np.float64(1.536), 1.243, 1.313, 2.874]
[2025-07-23 13:03:07][neurapy_logger.drawing_utils][DEBUG] : Lifted pose: [np.float64(0.594), 0.226, np.float64(1.536), 1.243, 1.313, 2.874]
[2025-07-23 13:03:07][neurapy_logger.drawing_utils][WARNING] : Point 1 (angle 0.0°) not reachable: Couldn't find the IK for the given pose
[2025-07-23 13:03:07][neurapy_logger.drawing_utils][DEBUG] : Regular pose: [np.float64(0.594), 0.246, np.float64(1.536), 1.243, 1.313, 2.874]
[2025-07-23 13:03:07][neurapy_logger.drawing_utils][DEBUG] : Lifted pose: [np.float64(0.594), 0.226, np.float64(1.536), 1.243, 1.313, 2.874]
[2025-07-23 13:03:07][neurapy_logger.drawing_utils][WARNING] : Point 1 (angle 0.0°) not reachable: Couldn't find the IK for the given pose
[2025-07-23 13:03:07][neurapy_logger.drawing_utils][DEBUG] : Regular pose: [np.float64(0.595), 0.246, np.float64(1.536), 1.243, 1.313, 2.874]
[2025-07-23 13:03:07][neurapy_logger.drawing_utils][DEBUG] : Lifted pose: [np.float64(0.595), 0.226, np.float64(1.536), 1.243, 1.313, 2.874]
[2025-07-23 13:03:07][neurapy_logger.drawing_utils][WARNING] : Point 1 (angle 0.0°) not reachable: Couldn't find the IK for the given pose
[2025-07-23 13:03:07][neurapy_logger.drawing_utils][DEBUG] : Regular pose: [np.float64(0.594), 0.246, np.float64(1.536), 1.243, 1.313, 2.874]
[2025-07-23 13:03:07][neurapy_logger.drawing_utils][DEBUG] : Lifted pose: [np.float64(0.594), 0.226, np.float64(1.536), 1.243, 1.313, 2.874]
[2025-07-23 13:03:08][neurapy_logger.drawing_utils][WARNING] : Point 1 (angle 0.0°) not reachable: Couldn't find the IK for the given pose
[2025-07-23 13:03:08][neurapy_logger.drawing_utils][DEBUG] : Regular pose: [np.float64(0.593), 0.246, np.float64(1.536), 1.243, 1.313, 2.874]
[2025-07-23 13:03:08][neurapy_logger.drawing_utils][DEBUG] : Lifted pose: [np.float64(0.593), 0.226, np.float64(1.536), 1.243, 1.313, 2.874]
[2025-07-23 13:03:08][neurapy_logger.drawing_utils][WARNING] : Point 1 (angle 0.0°) not reachable: Couldn't find the IK for the given pose
[2025-07-23 13:03:08][neurapy_logger.drawing_utils][DEBUG] : Regular pose: [np.float64(0.594), 0.246, np.float64(1.536), 1.243, 1.313, 2.874]
[2025-07-23 13:03:08][neurapy_logger.drawing_utils][DEBUG] : Lifted pose: [np.float64(0.594), 0.226, np.float64(1.536), 1.243, 1.313, 2.874]
[2025-07-23 13:03:08][neurapy_logger.drawing_utils][WARNING] : Point 1 (angle 0.0°) not reachable: Couldn't find the IK for the given pose
[2025-07-23 13:03:08][neurapy_logger.drawing_utils][DEBUG] : Regular pose: [np.float64(0.593), 0.246, np.float64(1.536), 1.243, 1.313, 2.874]
[2025-07-23 13:03:08][neurapy_logger.drawing_utils][DEBUG] : Lifted pose: [np.float64(0.593), 0.226, np.float64(1.536), 1.243, 1.313, 2.874]
[2025-07-23 13:03:08][neurapy_logger.drawing_utils][WARNING] : Point 1 (angle 0.0°) not reachable: Couldn't find the IK for the given pose
[2025-07-23 13:03:08][neurapy_logger.drawing_utils][DEBUG] : Regular pose: [np.float64(0.594), 0.246, np.float64(1.536), 1.243, 1.313, 2.874]
[2025-07-23 13:03:08][neurapy_logger.drawing_utils][DEBUG] : Lifted pose: [np.float64(0.594), 0.226, np.float64(1.536), 1.243, 1.313, 2.874]
[2025-07-23 13:03:08][neurapy_logger.drawing_utils][WARNING] : Point 1 (angle 0.0°) not reachable: Couldn't find the IK for the given pose
[2025-07-23 13:03:08][neurapy_logger.drawing_utils][DEBUG] : Regular pose: [np.float64(0.594), 0.246, np.float64(1.536), 1.243, 1.313, 2.874]
[2025-07-23 13:03:08][neurapy_logger.drawing_utils][DEBUG] : Lifted pose: [np.float64(0.594), 0.226, np.float64(1.536), 1.243, 1.313, 2.874]
[2025-07-23 13:03:08][neurapy_logger.drawing_utils][WARNING] : Point 1 (angle 0.0°) not reachable: Couldn't find the IK for the given pose
[2025-07-23 13:03:08][neurapy_logger.drawing_utils][DEBUG] : Regular pose: [np.float64(0.594), 0.246, np.float64(1.536), 1.243, 1.313, 2.874]
[2025-07-23 13:03:08][neurapy_logger.drawing_utils][DEBUG] : Lifted pose: [np.float64(0.594), 0.226, np.float64(1.536), 1.243, 1.313, 2.874]
[2025-07-23 13:03:08][neurapy_logger.drawing_utils][WARNING] : Point 1 (angle 0.0°) not reachable: Couldn't find the IK for the given pose
[2025-07-23 13:03:08][neurapy_logger.drawing_utils][DEBUG] : Regular pose: [np.float64(0.594), 0.246, np.float64(1.536), 1.243, 1.313, 2.874]
[2025-07-23 13:03:08][neurapy_logger.drawing_utils][DEBUG] : Lifted pose: [np.float64(0.594), 0.226, np.float64(1.536), 1.243, 1.313, 2.874]
[2025-07-23 13:03:09][neurapy_logger.drawing_utils][WARNING] : Point 1 (angle 0.0°) not reachable: Couldn't find the IK for the given pose
[2025-07-23 13:03:09][neurapy_logger.drawing_utils][DEBUG] : Regular pose: [np.float64(0.595), 0.246, np.float64(1.536), 1.243, 1.313, 2.874]
[2025-07-23 13:03:09][neurapy_logger.drawing_utils][DEBUG] : Lifted pose: [np.float64(0.595), 0.226, np.float64(1.536), 1.243, 1.313, 2.874]
[2025-07-23 13:03:09][neurapy_logger.drawing_utils][WARNING] : Point 1 (angle 0.0°) not reachable: Couldn't find the IK for the given pose
[2025-07-23 13:03:09][neurapy_logger.drawing_utils][DEBUG] : Regular pose: [np.float64(0.595), 0.246, np.float64(1.536), 1.243, 1.313, 2.874]
[2025-07-23 13:03:09][neurapy_logger.drawing_utils][DEBUG] : Lifted pose: [np.float64(0.595), 0.226, np.float64(1.536), 1.243, 1.313, 2.874]
[2025-07-23 13:03:09][neurapy_logger.drawing_utils][WARNING] : Point 1 (angle 0.0°) not reachable: Couldn't find the IK for the given pose
[2025-07-23 13:03:09][neurapy_logger.drawing_utils][DEBUG] : Regular pose: [np.float64(0.595), 0.246, np.float64(1.536), 1.243, 1.313, 2.874]
[2025-07-23 13:03:09][neurapy_logger.drawing_utils][DEBUG] : Lifted pose: [np.float64(0.595), 0.226, np.float64(1.536), 1.243, 1.313, 2.874]
[2025-07-23 13:03:10][neurapy_logger.drawing_utils][WARNING] : Point 1 (angle 0.0°) not reachable: Couldn't find the IK for the given pose
[2025-07-23 13:03:10][neurapy_logger.drawing_utils][DEBUG] : Regular pose: [np.float64(0.595), 0.246, np.float64(1.536), 1.243, 1.313, 2.874]
[2025-07-23 13:03:10][neurapy_logger.drawing_utils][DEBUG] : Lifted pose: [np.float64(0.595), 0.226, np.float64(1.536), 1.243, 1.313, 2.874]
[2025-07-23 13:03:10][neurapy_logger.drawing_utils][WARNING] : Point 1 (angle 0.0°) not reachable: Couldn't find the IK for the given pose
[2025-07-23 13:03:10][neurapy_logger.drawing_utils][DEBUG] : Regular pose: [np.float64(0.595), 0.246, np.float64(1.536), 1.243, 1.313, 2.874]
[2025-07-23 13:03:10][neurapy_logger.drawing_utils][DEBUG] : Lifted pose: [np.float64(0.595), 0.226, np.float64(1.536), 1.243, 1.313, 2.874]
[2025-07-23 13:03:10][neurapy_logger.drawing_utils][WARNING] : Point 1 (angle 0.0°) not reachable: Couldn't find the IK for the given pose
[2025-07-23 13:03:10][neurapy_logger.drawing_utils][DEBUG] : Regular pose: [np.float64(0.595), 0.246, np.float64(1.536), 1.243, 1.313, 2.874]
[2025-07-23 13:03:10][neurapy_logger.drawing_utils][DEBUG] : Lifted pose: [np.float64(0.595), 0.226, np.float64(1.536), 1.243, 1.313, 2.874]
[2025-07-23 13:03:10][neurapy_logger.drawing_utils][WARNING] : Point 1 (angle 0.0°) not reachable: Couldn't find the IK for the given pose
[2025-07-23 13:03:10][neurapy_logger.drawing_utils][DEBUG] : Regular pose: [np.float64(0.594), 0.246, np.float64(1.536), 1.243, 1.313, 2.874]
[2025-07-23 13:03:10][neurapy_logger.drawing_utils][DEBUG] : Lifted pose: [np.float64(0.594), 0.226, np.float64(1.536), 1.243, 1.313, 2.874]
[2025-07-23 13:03:11][neurapy_logger.drawing_utils][WARNING] : Point 1 (angle 0.0°) not reachable: Couldn't find the IK for the given pose
[2025-07-23 13:03:11][neurapy_logger.drawing_utils][DEBUG] : Regular pose: [np.float64(0.594), 0.246, np.float64(1.536), 1.243, 1.313, 2.874]
[2025-07-23 13:03:11][neurapy_logger.drawing_utils][DEBUG] : Lifted pose: [np.float64(0.594), 0.226, np.float64(1.536), 1.243, 1.313, 2.874]
[2025-07-23 13:03:11][neurapy_logger.drawing_utils][WARNING] : Point 1 (angle 0.0°) not reachable: Couldn't find the IK for the given pose
[2025-07-23 13:03:11][neurapy_logger.drawing_utils][DEBUG] : Regular pose: [np.float64(0.594), 0.246, np.float64(1.536), 1.243, 1.313, 2.874]
[2025-07-23 13:03:11][neurapy_logger.drawing_utils][DEBUG] : Lifted pose: [np.float64(0.594), 0.226, np.float64(1.536), 1.243, 1.313, 2.874]
[2025-07-23 13:03:11][neurapy_logger.drawing_utils][WARNING] : Point 1 (angle 0.0°) not reachable: Couldn't find the IK for the given pose
[2025-07-23 13:03:11][neurapy_logger.drawing_utils][DEBUG] : Regular pose: [np.float64(0.595), 0.246, np.float64(1.536), 1.243, 1.313, 2.874]
[2025-07-23 13:03:11][neurapy_logger.drawing_utils][DEBUG] : Lifted pose: [np.float64(0.595), 0.226, np.float64(1.536), 1.243, 1.313, 2.874]
[2025-07-23 13:03:12][neurapy_logger.drawing_utils][WARNING] : Point 1 (angle 0.0°) not reachable: Couldn't find the IK for the given pose
[2025-07-23 13:03:12][neurapy_logger.drawing_utils][DEBUG] : Regular pose: [np.float64(0.594), 0.246, np.float64(1.536), 1.243, 1.313, 2.874]
[2025-07-23 13:03:12][neurapy_logger.drawing_utils][DEBUG] : Lifted pose: [np.float64(0.594), 0.226, np.float64(1.536), 1.243, 1.313, 2.874]
[2025-07-23 13:03:12][neurapy_logger.drawing_utils][WARNING] : Point 1 (angle 0.0°) not reachable: Couldn't find the IK for the given pose
[2025-07-23 13:03:12][neurapy_logger.drawing_utils][DEBUG] : Regular pose: [np.float64(0.593), 0.246, np.float64(1.536), 1.243, 1.313, 2.874]
[2025-07-23 13:03:12][neurapy_logger.drawing_utils][DEBUG] : Lifted pose: [np.float64(0.593), 0.226, np.float64(1.536), 1.243, 1.313, 2.874]
[2025-07-23 13:03:12][neurapy_logger.drawing_utils][INFO] : Precomputed trajectories for 25 radii: 0 valid
[2025-07-23 13:03:12][neurapy_logger.drawing_utils][DEBUG] : Precomputing trajectory for radius 0.040m
[2025-07-23 13:03:12][neurapy_logger.drawing_utils][INFO] : Validating 12 pointswith lifting for radius 0.040m...
[2025-07-23 13:03:12][neurapy_logger.drawing_utils][DEBUG] : Precomputing trajectory for radius 0.035m
[2025-07-23 13:03:12][neurapy_logger.drawing_utils][INFO] : Validating 12 pointswith lifting for radius 0.035m...
[2025-07-23 13:03:12][neurapy_logger.drawing_utils][DEBUG] : Precomputing trajectory for radius 0.030m
[2025-07-23 13:03:12][neurapy_logger.drawing_utils][INFO] : Validating 12 pointswith lifting for radius 0.030m...
[2025-07-23 13:03:12][neurapy_logger.drawing_utils][DEBUG] : Precomputing trajectory for radius 0.025m
[2025-07-23 13:03:12][neurapy_logger.drawing_utils][INFO] : Validating 12 pointswith lifting for radius 0.025m...
[2025-07-23 13:03:12][neurapy_logger.drawing_utils][DEBUG] : Precomputing trajectory for radius 0.020m
[2025-07-23 13:03:12][neurapy_logger.drawing_utils][INFO] : Validating 12 pointswith lifting for radius 0.020m...
[2025-07-23 13:03:12][neurapy_logger.drawing_utils][DEBUG] : Precomputing trajectory for radius 0.015m
[2025-07-23 13:03:12][neurapy_logger.drawing_utils][INFO] : Validating 12 pointswith lifting for radius 0.015m...
[2025-07-23 13:03:12][neurapy_logger.drawing_utils][DEBUG] : Precomputing trajectory for radius 0.010m
[2025-07-23 13:03:12][neurapy_logger.drawing_utils][INFO] : Validating 12 pointswith lifting for radius 0.010m...
[2025-07-23 13:03:12][neurapy_logger.drawing_utils][DEBUG] : Precomputing trajectory for radius 0.005m
[2025-07-23 13:03:12][neurapy_logger.drawing_utils][INFO] : Validating 12 pointswith lifting for radius 0.005m...
[2025-07-23 13:03:12][neurapy_logger.drawing_utils][WARNING] : Point 1 (angle 0.0°) not reachable: Couldn't find the IK for the given pose
[2025-07-23 13:03:12][neurapy_logger.drawing_utils][DEBUG] : Regular pose: [np.float64(0.579), 0.246, np.float64(1.536), 1.243, 1.313, 2.874]
[2025-07-23 13:03:12][neurapy_logger.drawing_utils][DEBUG] : Lifted pose: [np.float64(0.579), 0.226, np.float64(1.536), 1.243, 1.313, 2.874]
[2025-07-23 13:03:13][neurapy_logger.drawing_utils][WARNING] : Point 1 (angle 0.0°) not reachable: Couldn't find the IK for the given pose
[2025-07-23 13:03:13][neurapy_logger.drawing_utils][DEBUG] : Regular pose: [np.float64(0.549), 0.246, np.float64(1.536), 1.243, 1.313, 2.874]
[2025-07-23 13:03:13][neurapy_logger.drawing_utils][DEBUG] : Lifted pose: [np.float64(0.549), 0.226, np.float64(1.536), 1.243, 1.313, 2.874]
[2025-07-23 13:03:14][neurapy_logger.drawing_utils][WARNING] : Point 1 (angle 0.0°) not reachable: Couldn't find the IK for the given pose
[2025-07-23 13:03:14][neurapy_logger.drawing_utils][DEBUG] : Regular pose: [np.float64(0.559), 0.246, np.float64(1.536), 1.243, 1.313, 2.874]
[2025-07-23 13:03:14][neurapy_logger.drawing_utils][DEBUG] : Lifted pose: [np.float64(0.559), 0.226, np.float64(1.536), 1.243, 1.313, 2.874]
[2025-07-23 13:03:14][neurapy_logger.drawing_utils][INFO] : All 12 pointswith lifting validated successfully in 2.458s!
[2025-07-23 13:03:15][neurapy_logger.drawing_utils][WARNING] : Point 12 (angle 5.8°) not reachable: Couldn't find the IK for the given pose
[2025-07-23 13:03:16][neurapy_logger.drawing_utils][INFO] : All 12 pointswith lifting validated successfully in 3.874s!
[2025-07-23 13:03:16][neurapy_logger.drawing_utils][DEBUG] : Successfully moved to position with pen lifting in 10.062s
[2025-07-23 13:03:16][neurapy_logger.drawing_utils][WARNING] : Point 12 (angle 5.8°) not reachable: Couldn't find the IK for the given pose
[2025-07-23 13:03:17][neurapy_logger.drawing_utils][INFO] : All 12 pointswith lifting validated successfully in 4.626s!
[2025-07-23 13:03:17][neurapy_logger.drawing_utils][DEBUG] : Successfully precomputed trajectory for radius 0.030m
[2025-07-23 13:03:18][neurapy_logger.drawing_utils][DEBUG] : Successfully precomputed trajectory for radius 0.020m
[2025-07-23 13:03:18][neurapy_logger.drawing_utils][INFO] : Precomputed trajectories for 8 radii: 2 valid
[2025-07-23 13:03:18][neurapy_logger.drawing_utils][INFO] : Validating 12 pointswith lifting for radius 0.049m...
[2025-07-23 13:03:19][neurapy_logger.drawing_utils][INFO] : All 12 pointswith lifting validated successfully in 1.022s!
[2025-07-23 13:03:39][neurapy_logger.drawing_utils][INFO] : Moving to safe position...
[2025-07-23 13:03:50][neurapy_logger.drawing_utils][INFO] : Successfully moved to safe position in 11.266s
