[2025-07-22 17:39:04][neurapy_logger.drawing_utils][INFO] : Logging to file: NeuraPy\data\logs\drawing_drawing_utils_2025-07-22_17-39-04.log
[2025-07-22 17:39:05][neurapy_logger.drawing_utils][INFO] : Successfully loaded 9 positions from NeuraPy/data/tictactoe_positions_green.json
[2025-07-22 17:39:05][neurapy_logger.drawing_utils][ERROR] : Grid position file not found: NeuraPy/data/grid_positions_green.json
[2025-07-22 17:39:05][neurapy_logger.drawing_utils][INFO] : Moving to safe position...
[2025-07-22 17:39:20][neurapy_logger.drawing_utils][INFO] : Successfully moved to safe position in 14.785s
[2025-07-22 17:39:20][neurapy_logger.drawing_utils][DEBUG] : Moving to position with pen lifted
[2025-07-22 17:39:27][neurapy_logger.drawing_utils][DEBUG] : Successfully moved to position with pen lifting in 7.029s
[2025-07-22 17:39:27][neurapy_logger.drawing_utils][INFO] : Validating 12 pointswith lifting for radius 0.049m...
[2025-07-22 17:39:29][neurapy_logger.drawing_utils][INFO] : All 12 pointswith lifting validated successfully in 1.201s!
[2025-07-22 17:39:51][neurapy_logger.drawing_utils][INFO] : Moving to safe position...
[2025-07-22 17:40:00][neurapy_logger.drawing_utils][INFO] : Successfully moved to safe position in 9.027s
[2025-07-22 17:40:00][neurapy_logger.drawing_utils][INFO] : Applying scaling factor 1.15 for position upper_center
[2025-07-22 17:40:00][neurapy_logger.drawing_utils][DEBUG] : Precomputing trajectory for radius 0.049m
[2025-07-22 17:40:00][neurapy_logger.drawing_utils][INFO] : Validating 12 pointswith lifting for radius 0.049m...
[2025-07-22 17:40:00][neurapy_logger.drawing_utils][DEBUG] : Moving to position with pen lifted
[2025-07-22 17:40:00][neurapy_logger.drawing_utils][DEBUG] : Precomputing trajectory for radius 0.049m
[2025-07-22 17:40:00][neurapy_logger.drawing_utils][INFO] : Validating 12 pointswith lifting for radius 0.049m...
[2025-07-22 17:40:00][neurapy_logger.drawing_utils][DEBUG] : Precomputing trajectory for radius 0.049m
[2025-07-22 17:40:00][neurapy_logger.drawing_utils][INFO] : Validating 12 pointswith lifting for radius 0.049m...
[2025-07-22 17:40:00][neurapy_logger.drawing_utils][DEBUG] : Precomputing trajectory for radius 0.049m
[2025-07-22 17:40:00][neurapy_logger.drawing_utils][INFO] : Validating 12 pointswith lifting for radius 0.049m...
[2025-07-22 17:40:00][neurapy_logger.drawing_utils][DEBUG] : Precomputing trajectory for radius 0.049m
[2025-07-22 17:40:00][neurapy_logger.drawing_utils][INFO] : Validating 12 pointswith lifting for radius 0.049m...
[2025-07-22 17:40:00][neurapy_logger.drawing_utils][DEBUG] : Precomputing trajectory for radius 0.049m
[2025-07-22 17:40:00][neurapy_logger.drawing_utils][INFO] : Validating 12 pointswith lifting for radius 0.049m...
[2025-07-22 17:40:00][neurapy_logger.drawing_utils][DEBUG] : Precomputing trajectory for radius 0.050m
[2025-07-22 17:40:00][neurapy_logger.drawing_utils][INFO] : Validating 12 pointswith lifting for radius 0.050m...
[2025-07-22 17:40:00][neurapy_logger.drawing_utils][DEBUG] : Precomputing trajectory for radius 0.050m
[2025-07-22 17:40:00][neurapy_logger.drawing_utils][INFO] : Validating 12 pointswith lifting for radius 0.050m...
[2025-07-22 17:40:00][neurapy_logger.drawing_utils][DEBUG] : Precomputing trajectory for radius 0.050m
[2025-07-22 17:40:00][neurapy_logger.drawing_utils][INFO] : Validating 12 pointswith lifting for radius 0.050m...
[2025-07-22 17:40:00][neurapy_logger.drawing_utils][DEBUG] : Precomputing trajectory for radius 0.050m
[2025-07-22 17:40:00][neurapy_logger.drawing_utils][INFO] : Validating 12 pointswith lifting for radius 0.050m...
[2025-07-22 17:40:00][neurapy_logger.drawing_utils][DEBUG] : Precomputing trajectory for radius 0.050m
[2025-07-22 17:40:00][neurapy_logger.drawing_utils][DEBUG] : Precomputing trajectory for radius 0.050m
[2025-07-22 17:40:00][neurapy_logger.drawing_utils][DEBUG] : Precomputing trajectory for radius 0.050m
[2025-07-22 17:40:00][neurapy_logger.drawing_utils][DEBUG] : Precomputing trajectory for radius 0.050m
[2025-07-22 17:40:00][neurapy_logger.drawing_utils][DEBUG] : Precomputing trajectory for radius 0.050m
[2025-07-22 17:40:00][neurapy_logger.drawing_utils][DEBUG] : Precomputing trajectory for radius 0.050m
[2025-07-22 17:40:00][neurapy_logger.drawing_utils][DEBUG] : Precomputing trajectory for radius 0.050m
[2025-07-22 17:40:00][neurapy_logger.drawing_utils][DEBUG] : Precomputing trajectory for radius 0.050m
[2025-07-22 17:40:00][neurapy_logger.drawing_utils][DEBUG] : Precomputing trajectory for radius 0.051m
[2025-07-22 17:40:00][neurapy_logger.drawing_utils][DEBUG] : Precomputing trajectory for radius 0.051m
[2025-07-22 17:40:00][neurapy_logger.drawing_utils][DEBUG] : Precomputing trajectory for radius 0.051m
[2025-07-22 17:40:00][neurapy_logger.drawing_utils][DEBUG] : Precomputing trajectory for radius 0.051m
[2025-07-22 17:40:00][neurapy_logger.drawing_utils][DEBUG] : Precomputing trajectory for radius 0.051m
[2025-07-22 17:40:00][neurapy_logger.drawing_utils][DEBUG] : Precomputing trajectory for radius 0.051m
[2025-07-22 17:40:00][neurapy_logger.drawing_utils][DEBUG] : Precomputing trajectory for radius 0.051m
[2025-07-22 17:40:00][neurapy_logger.drawing_utils][INFO] : Validating 12 pointswith lifting for radius 0.050m...
[2025-07-22 17:40:00][neurapy_logger.drawing_utils][INFO] : Validating 12 pointswith lifting for radius 0.050m...
[2025-07-22 17:40:00][neurapy_logger.drawing_utils][INFO] : Validating 12 pointswith lifting for radius 0.050m...
[2025-07-22 17:40:00][neurapy_logger.drawing_utils][INFO] : Validating 12 pointswith lifting for radius 0.050m...
[2025-07-22 17:40:00][neurapy_logger.drawing_utils][INFO] : Validating 12 pointswith lifting for radius 0.050m...
[2025-07-22 17:40:00][neurapy_logger.drawing_utils][INFO] : Validating 12 pointswith lifting for radius 0.050m...
[2025-07-22 17:40:00][neurapy_logger.drawing_utils][INFO] : Validating 12 pointswith lifting for radius 0.050m...
[2025-07-22 17:40:00][neurapy_logger.drawing_utils][INFO] : Validating 12 pointswith lifting for radius 0.050m...
[2025-07-22 17:40:00][neurapy_logger.drawing_utils][INFO] : Validating 12 pointswith lifting for radius 0.051m...
[2025-07-22 17:40:00][neurapy_logger.drawing_utils][INFO] : Validating 12 pointswith lifting for radius 0.051m...
[2025-07-22 17:40:00][neurapy_logger.drawing_utils][INFO] : Validating 12 pointswith lifting for radius 0.051m...
[2025-07-22 17:40:00][neurapy_logger.drawing_utils][INFO] : Validating 12 pointswith lifting for radius 0.051m...
[2025-07-22 17:40:00][neurapy_logger.drawing_utils][INFO] : Validating 12 pointswith lifting for radius 0.051m...
[2025-07-22 17:40:00][neurapy_logger.drawing_utils][INFO] : Validating 12 pointswith lifting for radius 0.051m...
[2025-07-22 17:40:00][neurapy_logger.drawing_utils][INFO] : Validating 12 pointswith lifting for radius 0.051m...
[2025-07-22 17:40:00][neurapy_logger.drawing_utils][WARNING] : Point 1 (angle 0.0°) not reachable: Couldn't find the IK for the given pose
[2025-07-22 17:40:00][neurapy_logger.drawing_utils][DEBUG] : Regular pose: [np.float64(0.349), 0.237, np.float64(1.546), 1.205, 1.423, 2.81]
[2025-07-22 17:40:00][neurapy_logger.drawing_utils][DEBUG] : Lifted pose: [np.float64(0.349), 0.217, np.float64(1.546), 1.205, 1.423, 2.81]
[2025-07-22 17:40:00][neurapy_logger.drawing_utils][WARNING] : Point 1 (angle 0.0°) not reachable: Couldn't find the IK for the given pose
[2025-07-22 17:40:00][neurapy_logger.drawing_utils][DEBUG] : Regular pose: [np.float64(0.349), 0.237, np.float64(1.546), 1.205, 1.423, 2.81]
[2025-07-22 17:40:00][neurapy_logger.drawing_utils][DEBUG] : Lifted pose: [np.float64(0.349), 0.217, np.float64(1.546), 1.205, 1.423, 2.81]
[2025-07-22 17:40:01][neurapy_logger.drawing_utils][WARNING] : Point 1 (angle 0.0°) not reachable: Couldn't find the IK for the given pose
[2025-07-22 17:40:01][neurapy_logger.drawing_utils][DEBUG] : Regular pose: [np.float64(0.349), 0.237, np.float64(1.546), 1.205, 1.423, 2.81]
[2025-07-22 17:40:01][neurapy_logger.drawing_utils][DEBUG] : Lifted pose: [np.float64(0.349), 0.217, np.float64(1.546), 1.205, 1.423, 2.81]
[2025-07-22 17:40:01][neurapy_logger.drawing_utils][WARNING] : Point 1 (angle 0.0°) not reachable: Couldn't find the IK for the given pose
[2025-07-22 17:40:01][neurapy_logger.drawing_utils][DEBUG] : Regular pose: [np.float64(0.348), 0.237, np.float64(1.546), 1.205, 1.423, 2.81]
[2025-07-22 17:40:01][neurapy_logger.drawing_utils][DEBUG] : Lifted pose: [np.float64(0.348), 0.217, np.float64(1.546), 1.205, 1.423, 2.81]
[2025-07-22 17:40:01][neurapy_logger.drawing_utils][WARNING] : Point 1 (angle 0.0°) not reachable: Couldn't find the IK for the given pose
[2025-07-22 17:40:01][neurapy_logger.drawing_utils][DEBUG] : Regular pose: [np.float64(0.349), 0.237, np.float64(1.546), 1.205, 1.423, 2.81]
[2025-07-22 17:40:01][neurapy_logger.drawing_utils][DEBUG] : Lifted pose: [np.float64(0.349), 0.217, np.float64(1.546), 1.205, 1.423, 2.81]
[2025-07-22 17:40:02][neurapy_logger.drawing_utils][WARNING] : Point 1 (angle 0.0°) not reachable: Couldn't find the IK for the given pose
[2025-07-22 17:40:02][neurapy_logger.drawing_utils][DEBUG] : Regular pose: [np.float64(0.349), 0.237, np.float64(1.546), 1.205, 1.423, 2.81]
[2025-07-22 17:40:02][neurapy_logger.drawing_utils][DEBUG] : Lifted pose: [np.float64(0.349), 0.217, np.float64(1.546), 1.205, 1.423, 2.81]
[2025-07-22 17:40:03][neurapy_logger.drawing_utils][WARNING] : Point 4 (angle 1.6°) not reachable: Couldn't find the IK for the given pose
[2025-07-22 17:40:03][neurapy_logger.drawing_utils][WARNING] : Point 1 (angle 0.0°) not reachable: Couldn't find the IK for the given pose
[2025-07-22 17:40:03][neurapy_logger.drawing_utils][DEBUG] : Regular pose: [np.float64(0.349), 0.237, np.float64(1.546), 1.205, 1.423, 2.81]
[2025-07-22 17:40:03][neurapy_logger.drawing_utils][DEBUG] : Lifted pose: [np.float64(0.349), 0.217, np.float64(1.546), 1.205, 1.423, 2.81]
[2025-07-22 17:40:03][neurapy_logger.drawing_utils][WARNING] : Point 1 (angle 0.0°) not reachable: Couldn't find the IK for the given pose
[2025-07-22 17:40:03][neurapy_logger.drawing_utils][DEBUG] : Regular pose: [np.float64(0.349), 0.237, np.float64(1.546), 1.205, 1.423, 2.81]
[2025-07-22 17:40:03][neurapy_logger.drawing_utils][DEBUG] : Lifted pose: [np.float64(0.349), 0.217, np.float64(1.546), 1.205, 1.423, 2.81]
[2025-07-22 17:40:04][neurapy_logger.drawing_utils][WARNING] : Point 1 (angle 0.0°) not reachable: Couldn't find the IK for the given pose
[2025-07-22 17:40:04][neurapy_logger.drawing_utils][DEBUG] : Regular pose: [np.float64(0.35), 0.237, np.float64(1.546), 1.205, 1.423, 2.81]
[2025-07-22 17:40:04][neurapy_logger.drawing_utils][DEBUG] : Lifted pose: [np.float64(0.35), 0.217, np.float64(1.546), 1.205, 1.423, 2.81]
[2025-07-22 17:40:04][neurapy_logger.drawing_utils][WARNING] : Point 1 (angle 0.0°) not reachable: Couldn't find the IK for the given pose
[2025-07-22 17:40:04][neurapy_logger.drawing_utils][DEBUG] : Regular pose: [np.float64(0.35), 0.237, np.float64(1.546), 1.205, 1.423, 2.81]
[2025-07-22 17:40:04][neurapy_logger.drawing_utils][DEBUG] : Lifted pose: [np.float64(0.35), 0.217, np.float64(1.546), 1.205, 1.423, 2.81]
[2025-07-22 17:40:04][neurapy_logger.drawing_utils][WARNING] : Point 1 (angle 0.0°) not reachable: Couldn't find the IK for the given pose
[2025-07-22 17:40:04][neurapy_logger.drawing_utils][DEBUG] : Regular pose: [np.float64(0.35), 0.237, np.float64(1.546), 1.205, 1.423, 2.81]
[2025-07-22 17:40:04][neurapy_logger.drawing_utils][DEBUG] : Lifted pose: [np.float64(0.35), 0.217, np.float64(1.546), 1.205, 1.423, 2.81]
[2025-07-22 17:40:04][neurapy_logger.drawing_utils][WARNING] : Point 1 (angle 0.0°) not reachable: Couldn't find the IK for the given pose
[2025-07-22 17:40:04][neurapy_logger.drawing_utils][DEBUG] : Regular pose: [np.float64(0.349), 0.237, np.float64(1.546), 1.205, 1.423, 2.81]
[2025-07-22 17:40:04][neurapy_logger.drawing_utils][DEBUG] : Lifted pose: [np.float64(0.349), 0.217, np.float64(1.546), 1.205, 1.423, 2.81]
[2025-07-22 17:40:04][neurapy_logger.drawing_utils][WARNING] : Point 1 (angle 0.0°) not reachable: Couldn't find the IK for the given pose
[2025-07-22 17:40:04][neurapy_logger.drawing_utils][DEBUG] : Regular pose: [np.float64(0.348), 0.237, np.float64(1.546), 1.205, 1.423, 2.81]
[2025-07-22 17:40:04][neurapy_logger.drawing_utils][DEBUG] : Lifted pose: [np.float64(0.348), 0.217, np.float64(1.546), 1.205, 1.423, 2.81]
[2025-07-22 17:40:04][neurapy_logger.drawing_utils][WARNING] : Point 1 (angle 0.0°) not reachable: Couldn't find the IK for the given pose
[2025-07-22 17:40:04][neurapy_logger.drawing_utils][DEBUG] : Regular pose: [np.float64(0.35), 0.237, np.float64(1.546), 1.205, 1.423, 2.81]
[2025-07-22 17:40:04][neurapy_logger.drawing_utils][DEBUG] : Lifted pose: [np.float64(0.35), 0.217, np.float64(1.546), 1.205, 1.423, 2.81]
[2025-07-22 17:40:04][neurapy_logger.drawing_utils][WARNING] : Point 1 (angle 0.0°) not reachable: Couldn't find the IK for the given pose
[2025-07-22 17:40:04][neurapy_logger.drawing_utils][DEBUG] : Regular pose: [np.float64(0.35), 0.237, np.float64(1.546), 1.205, 1.423, 2.81]
[2025-07-22 17:40:04][neurapy_logger.drawing_utils][DEBUG] : Lifted pose: [np.float64(0.35), 0.217, np.float64(1.546), 1.205, 1.423, 2.81]
[2025-07-22 17:40:05][neurapy_logger.drawing_utils][WARNING] : Point 1 (angle 0.0°) not reachable: Couldn't find the IK for the given pose
[2025-07-22 17:40:05][neurapy_logger.drawing_utils][DEBUG] : Regular pose: [np.float64(0.348), 0.237, np.float64(1.546), 1.205, 1.423, 2.81]
[2025-07-22 17:40:05][neurapy_logger.drawing_utils][DEBUG] : Lifted pose: [np.float64(0.348), 0.217, np.float64(1.546), 1.205, 1.423, 2.81]
[2025-07-22 17:40:05][neurapy_logger.drawing_utils][INFO] : All 12 pointswith lifting validated successfully in 5.694s!
[2025-07-22 17:40:06][neurapy_logger.drawing_utils][INFO] : All 12 pointswith lifting validated successfully in 5.939s!
[2025-07-22 17:40:06][neurapy_logger.drawing_utils][INFO] : All 12 pointswith lifting validated successfully in 6.104s!
[2025-07-22 17:40:07][neurapy_logger.drawing_utils][INFO] : All 12 pointswith lifting validated successfully in 7.656s!
[2025-07-22 17:40:08][neurapy_logger.drawing_utils][DEBUG] : Successfully moved to position with pen lifting in 8.056s
[2025-07-22 17:40:08][neurapy_logger.drawing_utils][DEBUG] : Successfully precomputed trajectory for radius 0.049m
[2025-07-22 17:40:08][neurapy_logger.drawing_utils][INFO] : All 12 pointswith lifting validated successfully in 8.579s!
[2025-07-22 17:40:08][neurapy_logger.drawing_utils][INFO] : All 12 pointswith lifting validated successfully in 8.600s!
[2025-07-22 17:40:08][neurapy_logger.drawing_utils][DEBUG] : Successfully precomputed trajectory for radius 0.050m
[2025-07-22 17:40:09][neurapy_logger.drawing_utils][INFO] : All 12 pointswith lifting validated successfully in 9.754s!
[2025-07-22 17:40:10][neurapy_logger.drawing_utils][DEBUG] : Successfully precomputed trajectory for radius 0.051m
[2025-07-22 17:40:11][neurapy_logger.drawing_utils][DEBUG] : Successfully precomputed trajectory for radius 0.051m
[2025-07-22 17:40:12][neurapy_logger.drawing_utils][INFO] : All 12 pointswith lifting validated successfully in 11.875s!
[2025-07-22 17:40:12][neurapy_logger.drawing_utils][INFO] : Precomputed trajectories for 25 radii: 4 valid
[2025-07-22 17:40:12][neurapy_logger.drawing_utils][INFO] : Applying scaling factor 1.15 for position upper_center
[2025-07-22 17:40:12][neurapy_logger.drawing_utils][DEBUG] : Precomputing trajectory for radius 0.040m
[2025-07-22 17:40:12][neurapy_logger.drawing_utils][INFO] : Validating 12 pointswith lifting for radius 0.040m...
[2025-07-22 17:40:12][neurapy_logger.drawing_utils][DEBUG] : Precomputing trajectory for radius 0.035m
[2025-07-22 17:40:12][neurapy_logger.drawing_utils][INFO] : Validating 12 pointswith lifting for radius 0.035m...
[2025-07-22 17:40:12][neurapy_logger.drawing_utils][DEBUG] : Precomputing trajectory for radius 0.030m
[2025-07-22 17:40:12][neurapy_logger.drawing_utils][INFO] : Validating 12 pointswith lifting for radius 0.030m...
[2025-07-22 17:40:12][neurapy_logger.drawing_utils][DEBUG] : Precomputing trajectory for radius 0.025m
[2025-07-22 17:40:12][neurapy_logger.drawing_utils][INFO] : Validating 12 pointswith lifting for radius 0.025m...
[2025-07-22 17:40:12][neurapy_logger.drawing_utils][DEBUG] : Precomputing trajectory for radius 0.020m
[2025-07-22 17:40:12][neurapy_logger.drawing_utils][INFO] : Validating 12 pointswith lifting for radius 0.020m...
[2025-07-22 17:40:12][neurapy_logger.drawing_utils][DEBUG] : Precomputing trajectory for radius 0.015m
[2025-07-22 17:40:12][neurapy_logger.drawing_utils][INFO] : Validating 12 pointswith lifting for radius 0.015m...
[2025-07-22 17:40:12][neurapy_logger.drawing_utils][DEBUG] : Precomputing trajectory for radius 0.010m
[2025-07-22 17:40:12][neurapy_logger.drawing_utils][INFO] : Validating 12 pointswith lifting for radius 0.010m...
[2025-07-22 17:40:12][neurapy_logger.drawing_utils][DEBUG] : Precomputing trajectory for radius 0.005m
[2025-07-22 17:40:12][neurapy_logger.drawing_utils][INFO] : Validating 12 pointswith lifting for radius 0.005m...
[2025-07-22 17:40:13][neurapy_logger.drawing_utils][INFO] : Validating 12 pointswith lifting for radius 0.049m...
[2025-07-22 17:40:14][neurapy_logger.drawing_utils][INFO] : All 12 pointswith lifting validated successfully in 2.104s!
[2025-07-22 17:40:15][neurapy_logger.drawing_utils][INFO] : All 12 pointswith lifting validated successfully in 2.950s!
[2025-07-22 17:40:15][neurapy_logger.drawing_utils][INFO] : All 12 pointswith lifting validated successfully in 2.950s!
[2025-07-22 17:40:15][neurapy_logger.drawing_utils][INFO] : All 12 pointswith lifting validated successfully in 3.361s!
[2025-07-22 17:40:16][neurapy_logger.drawing_utils][DEBUG] : Successfully precomputed trajectory for radius 0.025m
[2025-07-22 17:40:16][neurapy_logger.drawing_utils][INFO] : All 12 pointswith lifting validated successfully in 4.739s!
[2025-07-22 17:40:17][neurapy_logger.drawing_utils][DEBUG] : Successfully precomputed trajectory for radius 0.030m
[2025-07-22 17:40:18][neurapy_logger.drawing_utils][INFO] : All 12 pointswith lifting validated successfully in 5.838s!
[2025-07-22 17:40:18][neurapy_logger.drawing_utils][INFO] : All 12 pointswith lifting validated successfully in 5.845s!
[2025-07-22 17:40:18][neurapy_logger.drawing_utils][INFO] : All 12 pointswith lifting validated successfully in 5.475s!
[2025-07-22 17:40:19][neurapy_logger.drawing_utils][DEBUG] : Successfully precomputed trajectory for radius 0.010m
[2025-07-22 17:40:19][neurapy_logger.drawing_utils][INFO] : Validating 12 pointswith lifting for radius 0.049m...
[2025-07-22 17:40:19][neurapy_logger.drawing_utils][DEBUG] : Successfully precomputed trajectory for radius 0.005m
[2025-07-22 17:40:19][neurapy_logger.drawing_utils][DEBUG] : Successfully precomputed trajectory for radius 0.015m
[2025-07-22 17:40:20][neurapy_logger.drawing_utils][INFO] : All 12 pointswith lifting validated successfully in 8.546s!
[2025-07-22 17:40:21][neurapy_logger.drawing_utils][INFO] : All 12 pointswith lifting validated successfully in 1.712s!
[2025-07-22 17:40:21][neurapy_logger.drawing_utils][INFO] : Validating 12 pointswith lifting for radius 0.049m...
[2025-07-22 17:40:22][neurapy_logger.drawing_utils][DEBUG] : Successfully precomputed trajectory for radius 0.020m
[2025-07-22 17:40:22][neurapy_logger.drawing_utils][INFO] : Precomputed trajectories for 8 radii: 6 valid
[2025-07-22 17:40:22][neurapy_logger.drawing_utils][INFO] : All 12 pointswith lifting validated successfully in 1.615s!
[2025-07-22 17:40:43][neurapy_logger.drawing_utils][INFO] : Moving to safe position...
[2025-07-22 17:40:52][neurapy_logger.drawing_utils][INFO] : Successfully moved to safe position in 8.878s
[2025-07-22 17:40:52][neurapy_logger.drawing_utils][INFO] : Applying scaling factor 1.15 for position upper_center
[2025-07-22 17:40:52][neurapy_logger.drawing_utils][DEBUG] : Moving to position with pen lifted
[2025-07-22 17:40:52][neurapy_logger.drawing_utils][DEBUG] : Precomputing trajectory for radius 0.049m
[2025-07-22 17:40:52][neurapy_logger.drawing_utils][INFO] : Validating 12 pointswith lifting for radius 0.049m...
[2025-07-22 17:40:52][neurapy_logger.drawing_utils][DEBUG] : Precomputing trajectory for radius 0.049m
[2025-07-22 17:40:52][neurapy_logger.drawing_utils][INFO] : Validating 12 pointswith lifting for radius 0.049m...
[2025-07-22 17:40:52][neurapy_logger.drawing_utils][DEBUG] : Precomputing trajectory for radius 0.049m
[2025-07-22 17:40:52][neurapy_logger.drawing_utils][INFO] : Validating 12 pointswith lifting for radius 0.049m...
[2025-07-22 17:40:52][neurapy_logger.drawing_utils][DEBUG] : Precomputing trajectory for radius 0.049m
[2025-07-22 17:40:52][neurapy_logger.drawing_utils][INFO] : Validating 12 pointswith lifting for radius 0.049m...
[2025-07-22 17:40:52][neurapy_logger.drawing_utils][DEBUG] : Precomputing trajectory for radius 0.049m
[2025-07-22 17:40:52][neurapy_logger.drawing_utils][INFO] : Validating 12 pointswith lifting for radius 0.049m...
[2025-07-22 17:40:52][neurapy_logger.drawing_utils][DEBUG] : Precomputing trajectory for radius 0.049m
[2025-07-22 17:40:52][neurapy_logger.drawing_utils][INFO] : Validating 12 pointswith lifting for radius 0.049m...
[2025-07-22 17:40:52][neurapy_logger.drawing_utils][DEBUG] : Precomputing trajectory for radius 0.050m
[2025-07-22 17:40:52][neurapy_logger.drawing_utils][INFO] : Validating 12 pointswith lifting for radius 0.050m...
[2025-07-22 17:40:52][neurapy_logger.drawing_utils][DEBUG] : Precomputing trajectory for radius 0.050m
[2025-07-22 17:40:52][neurapy_logger.drawing_utils][INFO] : Validating 12 pointswith lifting for radius 0.050m...
[2025-07-22 17:40:52][neurapy_logger.drawing_utils][DEBUG] : Precomputing trajectory for radius 0.050m
[2025-07-22 17:40:52][neurapy_logger.drawing_utils][INFO] : Validating 12 pointswith lifting for radius 0.050m...
[2025-07-22 17:40:52][neurapy_logger.drawing_utils][DEBUG] : Precomputing trajectory for radius 0.050m
[2025-07-22 17:40:52][neurapy_logger.drawing_utils][INFO] : Validating 12 pointswith lifting for radius 0.050m...
[2025-07-22 17:40:52][neurapy_logger.drawing_utils][DEBUG] : Precomputing trajectory for radius 0.050m
[2025-07-22 17:40:52][neurapy_logger.drawing_utils][INFO] : Validating 12 pointswith lifting for radius 0.050m...
[2025-07-22 17:40:52][neurapy_logger.drawing_utils][DEBUG] : Precomputing trajectory for radius 0.050m
[2025-07-22 17:40:52][neurapy_logger.drawing_utils][INFO] : Validating 12 pointswith lifting for radius 0.050m...
[2025-07-22 17:40:52][neurapy_logger.drawing_utils][DEBUG] : Precomputing trajectory for radius 0.050m
[2025-07-22 17:40:52][neurapy_logger.drawing_utils][INFO] : Validating 12 pointswith lifting for radius 0.050m...
[2025-07-22 17:40:52][neurapy_logger.drawing_utils][DEBUG] : Precomputing trajectory for radius 0.050m
[2025-07-22 17:40:52][neurapy_logger.drawing_utils][INFO] : Validating 12 pointswith lifting for radius 0.050m...
[2025-07-22 17:40:52][neurapy_logger.drawing_utils][DEBUG] : Precomputing trajectory for radius 0.050m
[2025-07-22 17:40:52][neurapy_logger.drawing_utils][INFO] : Validating 12 pointswith lifting for radius 0.050m...
[2025-07-22 17:40:52][neurapy_logger.drawing_utils][DEBUG] : Precomputing trajectory for radius 0.050m
[2025-07-22 17:40:52][neurapy_logger.drawing_utils][INFO] : Validating 12 pointswith lifting for radius 0.050m...
[2025-07-22 17:40:52][neurapy_logger.drawing_utils][DEBUG] : Precomputing trajectory for radius 0.050m
[2025-07-22 17:40:52][neurapy_logger.drawing_utils][INFO] : Validating 12 pointswith lifting for radius 0.050m...
[2025-07-22 17:40:52][neurapy_logger.drawing_utils][DEBUG] : Precomputing trajectory for radius 0.050m
[2025-07-22 17:40:52][neurapy_logger.drawing_utils][INFO] : Validating 12 pointswith lifting for radius 0.050m...
[2025-07-22 17:40:52][neurapy_logger.drawing_utils][DEBUG] : Precomputing trajectory for radius 0.051m
[2025-07-22 17:40:52][neurapy_logger.drawing_utils][INFO] : Validating 12 pointswith lifting for radius 0.051m...
[2025-07-22 17:40:52][neurapy_logger.drawing_utils][DEBUG] : Precomputing trajectory for radius 0.051m
[2025-07-22 17:40:52][neurapy_logger.drawing_utils][INFO] : Validating 12 pointswith lifting for radius 0.051m...
[2025-07-22 17:40:52][neurapy_logger.drawing_utils][DEBUG] : Precomputing trajectory for radius 0.051m
[2025-07-22 17:40:52][neurapy_logger.drawing_utils][INFO] : Validating 12 pointswith lifting for radius 0.051m...
[2025-07-22 17:40:52][neurapy_logger.drawing_utils][DEBUG] : Precomputing trajectory for radius 0.051m
[2025-07-22 17:40:52][neurapy_logger.drawing_utils][INFO] : Validating 12 pointswith lifting for radius 0.051m...
[2025-07-22 17:40:52][neurapy_logger.drawing_utils][DEBUG] : Precomputing trajectory for radius 0.051m
[2025-07-22 17:40:52][neurapy_logger.drawing_utils][INFO] : Validating 12 pointswith lifting for radius 0.051m...
[2025-07-22 17:40:52][neurapy_logger.drawing_utils][DEBUG] : Precomputing trajectory for radius 0.051m
[2025-07-22 17:40:52][neurapy_logger.drawing_utils][INFO] : Validating 12 pointswith lifting for radius 0.051m...
[2025-07-22 17:40:52][neurapy_logger.drawing_utils][DEBUG] : Precomputing trajectory for radius 0.051m
[2025-07-22 17:40:52][neurapy_logger.drawing_utils][INFO] : Validating 12 pointswith lifting for radius 0.051m...
[2025-07-22 17:40:53][neurapy_logger.drawing_utils][WARNING] : Point 4 (angle 1.6°) not reachable: Couldn't find the IK for the given pose
[2025-07-22 17:40:55][neurapy_logger.drawing_utils][WARNING] : Point 1 (angle 0.0°) not reachable: Couldn't find the IK for the given pose
[2025-07-22 17:40:55][neurapy_logger.drawing_utils][DEBUG] : Regular pose: [np.float64(0.349), 0.237, np.float64(1.546), 1.205, 1.423, 2.81]
[2025-07-22 17:40:55][neurapy_logger.drawing_utils][DEBUG] : Lifted pose: [np.float64(0.349), 0.217, np.float64(1.546), 1.205, 1.423, 2.81]
[2025-07-22 17:40:55][neurapy_logger.drawing_utils][WARNING] : Point 1 (angle 0.0°) not reachable: Couldn't find the IK for the given pose
[2025-07-22 17:40:55][neurapy_logger.drawing_utils][DEBUG] : Regular pose: [np.float64(0.349), 0.237, np.float64(1.546), 1.205, 1.423, 2.81]
[2025-07-22 17:40:55][neurapy_logger.drawing_utils][DEBUG] : Lifted pose: [np.float64(0.349), 0.217, np.float64(1.546), 1.205, 1.423, 2.81]
[2025-07-22 17:40:56][neurapy_logger.drawing_utils][WARNING] : Point 1 (angle 0.0°) not reachable: Couldn't find the IK for the given pose
[2025-07-22 17:40:56][neurapy_logger.drawing_utils][DEBUG] : Regular pose: [np.float64(0.35), 0.237, np.float64(1.546), 1.205, 1.423, 2.81]
[2025-07-22 17:40:56][neurapy_logger.drawing_utils][DEBUG] : Lifted pose: [np.float64(0.35), 0.217, np.float64(1.546), 1.205, 1.423, 2.81]
[2025-07-22 17:40:56][neurapy_logger.drawing_utils][WARNING] : Point 1 (angle 0.0°) not reachable: Couldn't find the IK for the given pose
[2025-07-22 17:40:56][neurapy_logger.drawing_utils][DEBUG] : Regular pose: [np.float64(0.35), 0.237, np.float64(1.546), 1.205, 1.423, 2.81]
[2025-07-22 17:40:56][neurapy_logger.drawing_utils][DEBUG] : Lifted pose: [np.float64(0.35), 0.217, np.float64(1.546), 1.205, 1.423, 2.81]
[2025-07-22 17:40:56][neurapy_logger.drawing_utils][WARNING] : Point 1 (angle 0.0°) not reachable: Couldn't find the IK for the given pose
[2025-07-22 17:40:56][neurapy_logger.drawing_utils][DEBUG] : Regular pose: [np.float64(0.35), 0.237, np.float64(1.546), 1.205, 1.423, 2.81]
[2025-07-22 17:40:56][neurapy_logger.drawing_utils][DEBUG] : Lifted pose: [np.float64(0.35), 0.217, np.float64(1.546), 1.205, 1.423, 2.81]
[2025-07-22 17:40:56][neurapy_logger.drawing_utils][WARNING] : Point 1 (angle 0.0°) not reachable: Couldn't find the IK for the given pose
[2025-07-22 17:40:56][neurapy_logger.drawing_utils][DEBUG] : Regular pose: [np.float64(0.348), 0.237, np.float64(1.546), 1.205, 1.423, 2.81]
[2025-07-22 17:40:56][neurapy_logger.drawing_utils][DEBUG] : Lifted pose: [np.float64(0.348), 0.217, np.float64(1.546), 1.205, 1.423, 2.81]
[2025-07-22 17:40:56][neurapy_logger.drawing_utils][WARNING] : Point 1 (angle 0.0°) not reachable: Couldn't find the IK for the given pose
[2025-07-22 17:40:56][neurapy_logger.drawing_utils][DEBUG] : Regular pose: [np.float64(0.35), 0.237, np.float64(1.546), 1.205, 1.423, 2.81]
[2025-07-22 17:40:56][neurapy_logger.drawing_utils][DEBUG] : Lifted pose: [np.float64(0.35), 0.217, np.float64(1.546), 1.205, 1.423, 2.81]
[2025-07-22 17:40:56][neurapy_logger.drawing_utils][WARNING] : Point 1 (angle 0.0°) not reachable: Couldn't find the IK for the given pose
[2025-07-22 17:40:56][neurapy_logger.drawing_utils][DEBUG] : Regular pose: [np.float64(0.35), 0.237, np.float64(1.546), 1.205, 1.423, 2.81]
[2025-07-22 17:40:56][neurapy_logger.drawing_utils][DEBUG] : Lifted pose: [np.float64(0.35), 0.217, np.float64(1.546), 1.205, 1.423, 2.81]
[2025-07-22 17:40:56][neurapy_logger.drawing_utils][WARNING] : Point 11 (angle 5.2°) not reachable: Couldn't find the IK for the given pose
[2025-07-22 17:40:57][neurapy_logger.drawing_utils][WARNING] : Point 1 (angle 0.0°) not reachable: Couldn't find the IK for the given pose
[2025-07-22 17:40:57][neurapy_logger.drawing_utils][DEBUG] : Regular pose: [np.float64(0.349), 0.237, np.float64(1.546), 1.205, 1.423, 2.81]
[2025-07-22 17:40:57][neurapy_logger.drawing_utils][DEBUG] : Lifted pose: [np.float64(0.349), 0.217, np.float64(1.546), 1.205, 1.423, 2.81]
[2025-07-22 17:40:57][neurapy_logger.drawing_utils][INFO] : All 12 pointswith lifting validated successfully in 5.160s!
[2025-07-22 17:40:58][neurapy_logger.drawing_utils][WARNING] : Point 1 (angle 0.0°) not reachable: Couldn't find the IK for the given pose
[2025-07-22 17:40:58][neurapy_logger.drawing_utils][DEBUG] : Regular pose: [np.float64(0.349), 0.237, np.float64(1.546), 1.205, 1.423, 2.81]
[2025-07-22 17:40:58][neurapy_logger.drawing_utils][DEBUG] : Lifted pose: [np.float64(0.349), 0.217, np.float64(1.546), 1.205, 1.423, 2.81]
[2025-07-22 17:40:58][neurapy_logger.drawing_utils][INFO] : All 12 pointswith lifting validated successfully in 6.189s!
[2025-07-22 17:40:59][neurapy_logger.drawing_utils][INFO] : All 12 pointswith lifting validated successfully in 6.559s!
[2025-07-22 17:40:59][neurapy_logger.drawing_utils][INFO] : All 12 pointswith lifting validated successfully in 6.617s!
[2025-07-22 17:40:59][neurapy_logger.drawing_utils][WARNING] : Point 1 (angle 0.0°) not reachable: Couldn't find the IK for the given pose
[2025-07-22 17:40:59][neurapy_logger.drawing_utils][DEBUG] : Regular pose: [np.float64(0.35), 0.237, np.float64(1.546), 1.205, 1.423, 2.81]
[2025-07-22 17:40:59][neurapy_logger.drawing_utils][DEBUG] : Lifted pose: [np.float64(0.35), 0.217, np.float64(1.546), 1.205, 1.423, 2.81]
[2025-07-22 17:40:59][neurapy_logger.drawing_utils][INFO] : All 12 pointswith lifting validated successfully in 7.269s!
[2025-07-22 17:40:59][neurapy_logger.drawing_utils][DEBUG] : Successfully moved to position with pen lifting in 7.358s
[2025-07-22 17:40:59][neurapy_logger.drawing_utils][WARNING] : Point 8 (angle 3.7°) not reachable: Couldn't find the IK for the given pose
[2025-07-22 17:41:01][neurapy_logger.drawing_utils][INFO] : All 12 pointswith lifting validated successfully in 8.871s!
[2025-07-22 17:41:01][neurapy_logger.drawing_utils][WARNING] : Point 8 (angle 3.7°) not reachable: Couldn't find the IK for the given pose
[2025-07-22 17:41:01][neurapy_logger.drawing_utils][INFO] : All 12 pointswith lifting validated successfully in 9.168s!
[2025-07-22 17:41:02][neurapy_logger.drawing_utils][INFO] : All 12 pointswith lifting validated successfully in 9.711s!
[2025-07-22 17:41:02][neurapy_logger.drawing_utils][INFO] : All 12 pointswith lifting validated successfully in 9.956s!
[2025-07-22 17:41:03][neurapy_logger.drawing_utils][INFO] : All 12 pointswith lifting validated successfully in 11.310s!
[2025-07-22 17:41:03][neurapy_logger.drawing_utils][DEBUG] : Successfully precomputed trajectory for radius 0.049m
