[2025-07-22 17:39:04][neurapy_logger.drawing_functions][INFO] : Logging to file: NeuraPy\data\logs\drawing_drawing_functions_2025-07-22_17-39-04.log
[2025-07-22 17:39:27][neurapy_logger.drawing_functions][INFO] : Drawing circle with radius: 0.049 m
[2025-07-22 17:39:27][neurapy_logger.drawing_functions][INFO] : Applying scaling factor 1.15 for position upper_center
[2025-07-22 17:39:29][neurapy_logger.drawing_functions][DEBUG] : First point (lifted): [np.float64(0.348), 0.237, np.float64(1.546), 1.205, 1.423, 2.81]
[2025-07-22 17:39:29][neurapy_logger.drawing_functions][DEBUG] : First point (lifted) IK computed successfully
[2025-07-22 17:39:29][neurapy_logger.drawing_functions][DEBUG] : Point 2 (angle 0.5°) IK computed successfully
[2025-07-22 17:39:29][neurapy_logger.drawing_functions][DEBUG] : Point 3 (angle 1.0°) IK computed successfully
[2025-07-22 17:39:29][neurapy_logger.drawing_functions][DEBUG] : Point 4 (angle 1.6°) IK computed successfully
[2025-07-22 17:39:29][neurapy_logger.drawing_functions][DEBUG] : Point 5 (angle 2.1°) IK computed successfully
[2025-07-22 17:39:29][neurapy_logger.drawing_functions][DEBUG] : Point 6 (angle 2.6°) IK computed successfully
[2025-07-22 17:39:29][neurapy_logger.drawing_functions][DEBUG] : Point 7 (angle 3.1°) IK computed successfully
[2025-07-22 17:39:30][neurapy_logger.drawing_functions][DEBUG] : Point 8 (angle 3.7°) IK computed successfully
[2025-07-22 17:39:30][neurapy_logger.drawing_functions][DEBUG] : Point 9 (angle 4.2°) IK computed successfully
[2025-07-22 17:39:30][neurapy_logger.drawing_functions][DEBUG] : Point 10 (angle 4.7°) IK computed successfully
[2025-07-22 17:39:30][neurapy_logger.drawing_functions][DEBUG] : Point 11 (angle 5.2°) IK computed successfully
[2025-07-22 17:39:30][neurapy_logger.drawing_functions][DEBUG] : Point 12 (angle 5.8°) IK computed successfully
[2025-07-22 17:39:30][neurapy_logger.drawing_functions][DEBUG] : Circle completion point (angle 0.0°) IK computed successfully
[2025-07-22 17:39:30][neurapy_logger.drawing_functions][DEBUG] : Using reference joints: [2.303, -0.653, -0.484, 1.216, -0.368, 0.843, 0.074]
[2025-07-22 17:39:33][neurapy_logger.drawing_functions][DEBUG] : Moved to first point with pen lifted
[2025-07-22 17:39:51][neurapy_logger.drawing_functions][INFO] : Circle completed successfully!
[2025-07-22 17:40:13][neurapy_logger.drawing_functions][INFO] : Drawing circle with radius: 0.049 m
[2025-07-22 17:40:13][neurapy_logger.drawing_functions][INFO] : Applying scaling factor 1.15 for position upper_center
[2025-07-22 17:40:18][neurapy_logger.drawing_functions][DEBUG] : First point (lifted): [np.float64(0.348), 0.237, np.float64(1.546), 1.205, 1.423, 2.81]
[2025-07-22 17:40:19][neurapy_logger.drawing_functions][DEBUG] : First point (lifted) IK computed successfully
[2025-07-22 17:40:19][neurapy_logger.drawing_functions][DEBUG] : Point 2 (angle 0.5°) IK computed successfully
[2025-07-22 17:40:19][neurapy_logger.drawing_functions][DEBUG] : Point 3 (angle 1.0°) IK computed successfully
[2025-07-22 17:40:19][neurapy_logger.drawing_functions][ERROR] : Unexpected IK error at point 4 (angle 1.6°): Couldn't find the IK for the given pose
[2025-07-22 17:40:19][neurapy_logger.drawing_functions][ERROR] : Target pose: [np.float64(0.299), 0.26, np.float64(1.595), 1.205, 1.423, 2.81]
[2025-07-22 17:40:19][neurapy_logger.drawing_functions][INFO] : Drawing circle with radius: 0.049 m
[2025-07-22 17:40:19][neurapy_logger.drawing_functions][INFO] : Applying scaling factor 1.15 for position upper_center
[2025-07-22 17:40:21][neurapy_logger.drawing_functions][DEBUG] : First point (lifted): [np.float64(0.348), 0.237, np.float64(1.546), 1.205, 1.423, 2.81]
[2025-07-22 17:40:21][neurapy_logger.drawing_functions][ERROR] : Failed to compute IK for first lifted point: Couldn't find the IK for the given pose
[2025-07-22 17:40:21][neurapy_logger.drawing_functions][INFO] : Drawing circle with radius: 0.049 m
[2025-07-22 17:40:21][neurapy_logger.drawing_functions][INFO] : Applying scaling factor 1.15 for position upper_center
[2025-07-22 17:40:22][neurapy_logger.drawing_functions][DEBUG] : First point (lifted): [np.float64(0.348), 0.237, np.float64(1.546), 1.205, 1.423, 2.81]
[2025-07-22 17:40:23][neurapy_logger.drawing_functions][DEBUG] : First point (lifted) IK computed successfully
[2025-07-22 17:40:23][neurapy_logger.drawing_functions][DEBUG] : Point 2 (angle 0.5°) IK computed successfully
[2025-07-22 17:40:23][neurapy_logger.drawing_functions][DEBUG] : Point 3 (angle 1.0°) IK computed successfully
[2025-07-22 17:40:23][neurapy_logger.drawing_functions][DEBUG] : Point 4 (angle 1.6°) IK computed successfully
[2025-07-22 17:40:23][neurapy_logger.drawing_functions][DEBUG] : Point 5 (angle 2.1°) IK computed successfully
[2025-07-22 17:40:23][neurapy_logger.drawing_functions][DEBUG] : Point 6 (angle 2.6°) IK computed successfully
[2025-07-22 17:40:23][neurapy_logger.drawing_functions][DEBUG] : Point 7 (angle 3.1°) IK computed successfully
[2025-07-22 17:40:23][neurapy_logger.drawing_functions][DEBUG] : Point 8 (angle 3.7°) IK computed successfully
[2025-07-22 17:40:23][neurapy_logger.drawing_functions][DEBUG] : Point 9 (angle 4.2°) IK computed successfully
[2025-07-22 17:40:23][neurapy_logger.drawing_functions][DEBUG] : Point 10 (angle 4.7°) IK computed successfully
[2025-07-22 17:40:23][neurapy_logger.drawing_functions][DEBUG] : Point 11 (angle 5.2°) IK computed successfully
[2025-07-22 17:40:23][neurapy_logger.drawing_functions][DEBUG] : Point 12 (angle 5.8°) IK computed successfully
[2025-07-22 17:40:23][neurapy_logger.drawing_functions][DEBUG] : Circle completion point (angle 0.0°) IK computed successfully
[2025-07-22 17:40:23][neurapy_logger.drawing_functions][DEBUG] : Using reference joints: [2.303, -0.653, -0.484, 1.216, -0.368, 0.843, 0.074]
[2025-07-22 17:40:26][neurapy_logger.drawing_functions][DEBUG] : Moved to first point with pen lifted
[2025-07-22 17:40:43][neurapy_logger.drawing_functions][INFO] : Circle completed successfully!
