[2025-07-22 17:46:38][neurapy_logger.drawing_utils][INFO] : Logging to file: Application_Real_Time\Robotdata\logs\drawing_drawing_utils_2025-07-22_17-46-38.log
[2025-07-22 17:46:39][neurapy_logger.drawing_utils][INFO] : Successfully loaded 9 positions from Application_Real_Time/Robot/data/tictactoe_positions_green.json
[2025-07-22 17:46:39][neurapy_logger.drawing_utils][ERROR] : Grid position file not found: Application_Real_Time/Robotdata/grid_positions_green.json
[2025-07-22 17:46:39][neurapy_logger.drawing_utils][INFO] : Moving to safe position...
[2025-07-22 17:46:47][neurapy_logger.drawing_utils][INFO] : Successfully moved to safe position in 8.067s
[2025-07-22 17:46:47][neurapy_logger.drawing_utils][DEBUG] : Moving to position with pen lifted
[2025-07-22 17:46:54][neurapy_logger.drawing_utils][DEBUG] : Successfully moved to position with pen lifting in 6.978s
[2025-07-22 17:46:54][neurapy_logger.drawing_utils][INFO] : Validating 12 pointswith lifting for radius 0.049m...
[2025-07-22 17:46:56][neurapy_logger.drawing_utils][INFO] : All 12 pointswith lifting validated successfully in 1.135s!
[2025-07-22 17:47:17][neurapy_logger.drawing_utils][INFO] : Moving to safe position...
[2025-07-22 17:47:26][neurapy_logger.drawing_utils][INFO] : Successfully moved to safe position in 9.005s
[2025-07-22 17:47:26][neurapy_logger.drawing_utils][INFO] : Applying scaling factor 1.15 for position upper_center
[2025-07-22 17:47:26][neurapy_logger.drawing_utils][DEBUG] : Moving to position with pen lifted
[2025-07-22 17:47:26][neurapy_logger.drawing_utils][DEBUG] : Precomputing trajectory for radius 0.049m
[2025-07-22 17:47:26][neurapy_logger.drawing_utils][INFO] : Validating 12 pointswith lifting for radius 0.049m...
[2025-07-22 17:47:26][neurapy_logger.drawing_utils][DEBUG] : Precomputing trajectory for radius 0.049m
[2025-07-22 17:47:26][neurapy_logger.drawing_utils][INFO] : Validating 12 pointswith lifting for radius 0.049m...
[2025-07-22 17:47:26][neurapy_logger.drawing_utils][DEBUG] : Precomputing trajectory for radius 0.049m
[2025-07-22 17:47:26][neurapy_logger.drawing_utils][INFO] : Validating 12 pointswith lifting for radius 0.049m...
[2025-07-22 17:47:26][neurapy_logger.drawing_utils][DEBUG] : Precomputing trajectory for radius 0.049m
[2025-07-22 17:47:26][neurapy_logger.drawing_utils][INFO] : Validating 12 pointswith lifting for radius 0.049m...
[2025-07-22 17:47:26][neurapy_logger.drawing_utils][DEBUG] : Precomputing trajectory for radius 0.049m
[2025-07-22 17:47:26][neurapy_logger.drawing_utils][INFO] : Validating 12 pointswith lifting for radius 0.049m...
[2025-07-22 17:47:26][neurapy_logger.drawing_utils][DEBUG] : Precomputing trajectory for radius 0.049m
[2025-07-22 17:47:26][neurapy_logger.drawing_utils][DEBUG] : Precomputing trajectory for radius 0.050m
[2025-07-22 17:47:26][neurapy_logger.drawing_utils][INFO] : Validating 12 pointswith lifting for radius 0.049m...
[2025-07-22 17:47:26][neurapy_logger.drawing_utils][INFO] : Validating 12 pointswith lifting for radius 0.050m...
[2025-07-22 17:47:26][neurapy_logger.drawing_utils][DEBUG] : Precomputing trajectory for radius 0.050m
[2025-07-22 17:47:26][neurapy_logger.drawing_utils][INFO] : Validating 12 pointswith lifting for radius 0.050m...
[2025-07-22 17:47:26][neurapy_logger.drawing_utils][DEBUG] : Precomputing trajectory for radius 0.050m
[2025-07-22 17:47:26][neurapy_logger.drawing_utils][INFO] : Validating 12 pointswith lifting for radius 0.050m...
[2025-07-22 17:47:26][neurapy_logger.drawing_utils][DEBUG] : Precomputing trajectory for radius 0.050m
[2025-07-22 17:47:26][neurapy_logger.drawing_utils][INFO] : Validating 12 pointswith lifting for radius 0.050m...
[2025-07-22 17:47:26][neurapy_logger.drawing_utils][DEBUG] : Precomputing trajectory for radius 0.050m
[2025-07-22 17:47:26][neurapy_logger.drawing_utils][INFO] : Validating 12 pointswith lifting for radius 0.050m...
[2025-07-22 17:47:26][neurapy_logger.drawing_utils][DEBUG] : Precomputing trajectory for radius 0.050m
[2025-07-22 17:47:26][neurapy_logger.drawing_utils][INFO] : Validating 12 pointswith lifting for radius 0.050m...
[2025-07-22 17:47:26][neurapy_logger.drawing_utils][DEBUG] : Precomputing trajectory for radius 0.050m
[2025-07-22 17:47:26][neurapy_logger.drawing_utils][INFO] : Validating 12 pointswith lifting for radius 0.050m...
[2025-07-22 17:47:26][neurapy_logger.drawing_utils][DEBUG] : Precomputing trajectory for radius 0.050m
[2025-07-22 17:47:26][neurapy_logger.drawing_utils][INFO] : Validating 12 pointswith lifting for radius 0.050m...
[2025-07-22 17:47:26][neurapy_logger.drawing_utils][DEBUG] : Precomputing trajectory for radius 0.050m
[2025-07-22 17:47:26][neurapy_logger.drawing_utils][INFO] : Validating 12 pointswith lifting for radius 0.050m...
[2025-07-22 17:47:26][neurapy_logger.drawing_utils][DEBUG] : Precomputing trajectory for radius 0.050m
[2025-07-22 17:47:26][neurapy_logger.drawing_utils][INFO] : Validating 12 pointswith lifting for radius 0.050m...
[2025-07-22 17:47:26][neurapy_logger.drawing_utils][DEBUG] : Precomputing trajectory for radius 0.050m
[2025-07-22 17:47:26][neurapy_logger.drawing_utils][INFO] : Validating 12 pointswith lifting for radius 0.050m...
[2025-07-22 17:47:26][neurapy_logger.drawing_utils][DEBUG] : Precomputing trajectory for radius 0.050m
[2025-07-22 17:47:26][neurapy_logger.drawing_utils][INFO] : Validating 12 pointswith lifting for radius 0.050m...
[2025-07-22 17:47:26][neurapy_logger.drawing_utils][DEBUG] : Precomputing trajectory for radius 0.051m
[2025-07-22 17:47:26][neurapy_logger.drawing_utils][INFO] : Validating 12 pointswith lifting for radius 0.051m...
[2025-07-22 17:47:26][neurapy_logger.drawing_utils][DEBUG] : Precomputing trajectory for radius 0.051m
[2025-07-22 17:47:26][neurapy_logger.drawing_utils][INFO] : Validating 12 pointswith lifting for radius 0.051m...
[2025-07-22 17:47:26][neurapy_logger.drawing_utils][DEBUG] : Precomputing trajectory for radius 0.051m
[2025-07-22 17:47:26][neurapy_logger.drawing_utils][INFO] : Validating 12 pointswith lifting for radius 0.051m...
[2025-07-22 17:47:26][neurapy_logger.drawing_utils][DEBUG] : Precomputing trajectory for radius 0.051m
[2025-07-22 17:47:26][neurapy_logger.drawing_utils][INFO] : Validating 12 pointswith lifting for radius 0.051m...
[2025-07-22 17:47:26][neurapy_logger.drawing_utils][DEBUG] : Precomputing trajectory for radius 0.051m
[2025-07-22 17:47:26][neurapy_logger.drawing_utils][INFO] : Validating 12 pointswith lifting for radius 0.051m...
[2025-07-22 17:47:26][neurapy_logger.drawing_utils][DEBUG] : Precomputing trajectory for radius 0.051m
[2025-07-22 17:47:26][neurapy_logger.drawing_utils][INFO] : Validating 12 pointswith lifting for radius 0.051m...
[2025-07-22 17:47:26][neurapy_logger.drawing_utils][DEBUG] : Precomputing trajectory for radius 0.051m
[2025-07-22 17:47:26][neurapy_logger.drawing_utils][INFO] : Validating 12 pointswith lifting for radius 0.051m...
[2025-07-22 17:47:27][neurapy_logger.drawing_utils][WARNING] : Point 1 (angle 0.0°) not reachable: Couldn't find the IK for the given pose
[2025-07-22 17:47:27][neurapy_logger.drawing_utils][DEBUG] : Regular pose: [np.float64(0.349), 0.237, np.float64(1.546), 1.205, 1.423, 2.81]
[2025-07-22 17:47:27][neurapy_logger.drawing_utils][DEBUG] : Lifted pose: [np.float64(0.349), 0.217, np.float64(1.546), 1.205, 1.423, 2.81]
[2025-07-22 17:47:28][neurapy_logger.drawing_utils][WARNING] : Point 1 (angle 0.0°) not reachable: Couldn't find the IK for the given pose
[2025-07-22 17:47:28][neurapy_logger.drawing_utils][DEBUG] : Regular pose: [np.float64(0.349), 0.237, np.float64(1.546), 1.205, 1.423, 2.81]
[2025-07-22 17:47:28][neurapy_logger.drawing_utils][DEBUG] : Lifted pose: [np.float64(0.349), 0.217, np.float64(1.546), 1.205, 1.423, 2.81]
[2025-07-22 17:47:29][neurapy_logger.drawing_utils][INFO] : All 12 pointswith lifting validated successfully in 2.392s!
[2025-07-22 17:47:29][neurapy_logger.drawing_utils][WARNING] : Point 1 (angle 0.0°) not reachable: Couldn't find the IK for the given pose
[2025-07-22 17:47:29][neurapy_logger.drawing_utils][DEBUG] : Regular pose: [np.float64(0.35), 0.237, np.float64(1.546), 1.205, 1.423, 2.81]
[2025-07-22 17:47:29][neurapy_logger.drawing_utils][DEBUG] : Lifted pose: [np.float64(0.35), 0.217, np.float64(1.546), 1.205, 1.423, 2.81]
[2025-07-22 17:47:30][neurapy_logger.drawing_utils][WARNING] : Point 1 (angle 0.0°) not reachable: Couldn't find the IK for the given pose
[2025-07-22 17:47:30][neurapy_logger.drawing_utils][DEBUG] : Regular pose: [np.float64(0.349), 0.237, np.float64(1.546), 1.205, 1.423, 2.81]
[2025-07-22 17:47:30][neurapy_logger.drawing_utils][DEBUG] : Lifted pose: [np.float64(0.349), 0.217, np.float64(1.546), 1.205, 1.423, 2.81]
[2025-07-22 17:47:30][neurapy_logger.drawing_utils][WARNING] : Point 1 (angle 0.0°) not reachable: Couldn't find the IK for the given pose
[2025-07-22 17:47:30][neurapy_logger.drawing_utils][DEBUG] : Regular pose: [np.float64(0.349), 0.237, np.float64(1.546), 1.205, 1.423, 2.81]
[2025-07-22 17:47:30][neurapy_logger.drawing_utils][DEBUG] : Lifted pose: [np.float64(0.349), 0.217, np.float64(1.546), 1.205, 1.423, 2.81]
[2025-07-22 17:47:30][neurapy_logger.drawing_utils][WARNING] : Point 1 (angle 0.0°) not reachable: Couldn't find the IK for the given pose
[2025-07-22 17:47:30][neurapy_logger.drawing_utils][DEBUG] : Regular pose: [np.float64(0.349), 0.237, np.float64(1.546), 1.205, 1.423, 2.81]
[2025-07-22 17:47:30][neurapy_logger.drawing_utils][DEBUG] : Lifted pose: [np.float64(0.349), 0.217, np.float64(1.546), 1.205, 1.423, 2.81]
[2025-07-22 17:47:30][neurapy_logger.drawing_utils][WARNING] : Point 6 (angle 2.6°) not reachable: Couldn't find the IK for the given pose
[2025-07-22 17:47:31][neurapy_logger.drawing_utils][WARNING] : Point 1 (angle 0.0°) not reachable: Couldn't find the IK for the given pose
[2025-07-22 17:47:31][neurapy_logger.drawing_utils][DEBUG] : Regular pose: [np.float64(0.349), 0.237, np.float64(1.546), 1.205, 1.423, 2.81]
[2025-07-22 17:47:31][neurapy_logger.drawing_utils][DEBUG] : Lifted pose: [np.float64(0.349), 0.217, np.float64(1.546), 1.205, 1.423, 2.81]
