[2025-07-22 17:46:38][neurapy_logger.drawing_functions][INFO] : Logging to file: Application_Real_Time\Robotdata\logs\drawing_drawing_functions_2025-07-22_17-46-38.log
[2025-07-22 17:46:54][neurapy_logger.drawing_functions][INFO] : Drawing circle with radius: 0.049 m
[2025-07-22 17:46:54][neurapy_logger.drawing_functions][INFO] : Applying scaling factor 1.15 for position upper_center
[2025-07-22 17:46:56][neurapy_logger.drawing_functions][DEBUG] : First point (lifted): [np.float64(0.348), 0.237, np.float64(1.546), 1.205, 1.423, 2.81]
[2025-07-22 17:46:56][neurapy_logger.drawing_functions][DEBUG] : First point (lifted) IK computed successfully
[2025-07-22 17:46:56][neurapy_logger.drawing_functions][DEBUG] : Point 2 (angle 0.5°) IK computed successfully
[2025-07-22 17:46:56][neurapy_logger.drawing_functions][DEBUG] : Point 3 (angle 1.0°) IK computed successfully
[2025-07-22 17:46:56][neurapy_logger.drawing_functions][DEBUG] : Point 4 (angle 1.6°) IK computed successfully
[2025-07-22 17:46:56][neurapy_logger.drawing_functions][DEBUG] : Point 5 (angle 2.1°) IK computed successfully
[2025-07-22 17:46:56][neurapy_logger.drawing_functions][DEBUG] : Point 6 (angle 2.6°) IK computed successfully
[2025-07-22 17:46:56][neurapy_logger.drawing_functions][DEBUG] : Point 7 (angle 3.1°) IK computed successfully
[2025-07-22 17:46:56][neurapy_logger.drawing_functions][DEBUG] : Point 8 (angle 3.7°) IK computed successfully
[2025-07-22 17:46:56][neurapy_logger.drawing_functions][DEBUG] : Point 9 (angle 4.2°) IK computed successfully
[2025-07-22 17:46:57][neurapy_logger.drawing_functions][DEBUG] : Point 10 (angle 4.7°) IK computed successfully
[2025-07-22 17:46:57][neurapy_logger.drawing_functions][DEBUG] : Point 11 (angle 5.2°) IK computed successfully
[2025-07-22 17:46:57][neurapy_logger.drawing_functions][DEBUG] : Point 12 (angle 5.8°) IK computed successfully
[2025-07-22 17:46:57][neurapy_logger.drawing_functions][DEBUG] : Circle completion point (angle 0.0°) IK computed successfully
[2025-07-22 17:46:57][neurapy_logger.drawing_functions][DEBUG] : Using reference joints: [2.303, -0.653, -0.484, 1.216, -0.368, 0.843, 0.074]
[2025-07-22 17:47:00][neurapy_logger.drawing_functions][DEBUG] : Moved to first point with pen lifted
[2025-07-22 17:47:17][neurapy_logger.drawing_functions][INFO] : Circle completed successfully!
