[2025-07-06 12:19:25][neurapy_logger.circle_drawing][INFO] : Logging to file: NeuraPy\data\logs\circle_drawing_2025-07-06_12-19-25.log :(draw_circle_grid_trajectory.py:48)
[2025-07-06 12:19:25][neurapy_logger.circle_drawing][INFO] : Starting circle drawing session :(draw_circle_grid_trajectory.py:352)
[2025-07-06 12:19:26][neurapy_logger.circle_drawing][INFO] : Robot initialized successfully. :(draw_circle_grid_trajectory.py:359)
[2025-07-06 12:19:26][neurapy_logger.circle_drawing][INFO] : Loading positions from: c:\Users\chris\Documents\neuroTUM\NeuroMotion\neuromotion\NeuraPy\data\tictactoe_positions.json :(draw_circle_grid_trajectory.py:378)
[2025-07-06 12:19:26][neurapy_logger.circle_drawing][INFO] : Robot already in safe position. :(draw_circle_grid_trajectory.py:396)
[2025-07-06 12:19:42][neurapy_logger.circle_drawing][INFO] : Moving to joint position of selected cell: middle_right :(draw_circle_grid_trajectory.py:421)
[2025-07-06 12:19:50][neurapy_logger.circle_drawing][INFO] : Current TCP pose: [0.256, 0.297, 1.513, 1.611, 1.18, 3.044] :(draw_circle_grid_trajectory.py:428)
[2025-07-06 12:19:50][neurapy_logger.circle_drawing][INFO] : Drawing circle with radius: 0.040 m (with visualization) :(draw_circle_grid_trajectory.py:268)
[2025-07-06 12:19:50][neurapy_logger.circle_drawing][ERROR] : Circle validation failed for radius 0.040m :(draw_circle_grid_trajectory.py:272)
[2025-07-06 12:19:50][neurapy_logger.circle_drawing][INFO] : Drawing circle with radius: 0.036 m (with visualization) :(draw_circle_grid_trajectory.py:268)
[2025-07-06 12:19:51][neurapy_logger.circle_drawing.trajectory_recorder][INFO] : Started recording end-effector trajectory... :(draw_circle_grid_trajectory.py:69)
[2025-07-06 12:20:12][neurapy_logger.circle_drawing.trajectory_recorder][INFO] : Stopped recording. Captured 203 positions. :(draw_circle_grid_trajectory.py:76)
[2025-07-06 12:20:15][neurapy_logger.circle_drawing][INFO] : Trajectory visualization saved to: NeuraPy\data\drawing_visualization\circle_trajectory_2025-07-06_12-20-13.png :(draw_circle_grid_trajectory.py:207)
[2025-07-06 12:20:15][neurapy_logger.circle_drawing][INFO] : Circle completed successfully! :(draw_circle_grid_trajectory.py:328)
[2025-07-06 12:20:15][neurapy_logger.circle_drawing][INFO] : Returning to safe position... :(draw_circle_grid_trajectory.py:461)
[2025-07-06 12:20:36][neurapy_logger.circle_drawing][INFO] : Moving to joint position of selected cell: middle_center :(draw_circle_grid_trajectory.py:421)
[2025-07-06 12:20:43][neurapy_logger.circle_drawing][INFO] : Current TCP pose: [-0.002, 0.291, 1.527, -1.508, 1.74, 0.071] :(draw_circle_grid_trajectory.py:428)
[2025-07-06 12:20:43][neurapy_logger.circle_drawing][INFO] : Drawing circle with radius: 0.040 m (with visualization) :(draw_circle_grid_trajectory.py:268)
[2025-07-06 12:20:44][neurapy_logger.circle_drawing][ERROR] : Circle validation failed for radius 0.040m :(draw_circle_grid_trajectory.py:272)
[2025-07-06 12:20:44][neurapy_logger.circle_drawing][INFO] : Drawing circle with radius: 0.036 m (with visualization) :(draw_circle_grid_trajectory.py:268)
[2025-07-06 12:20:45][neurapy_logger.circle_drawing][ERROR] : Circle validation failed for radius 0.036m :(draw_circle_grid_trajectory.py:272)
[2025-07-06 12:20:45][neurapy_logger.circle_drawing][INFO] : Drawing circle with radius: 0.030 m (with visualization) :(draw_circle_grid_trajectory.py:268)
[2025-07-06 12:20:45][neurapy_logger.circle_drawing][ERROR] : Circle validation failed for radius 0.030m :(draw_circle_grid_trajectory.py:272)
[2025-07-06 12:20:45][neurapy_logger.circle_drawing][INFO] : Predefined radii failed, finding best radius automatically... :(draw_circle_grid_trajectory.py:447)
[2025-07-06 12:20:47][neurapy_logger.circle_drawing][INFO] : Drawing circle with radius: 0.036 m (with visualization) :(draw_circle_grid_trajectory.py:268)
[2025-07-06 12:20:49][neurapy_logger.circle_drawing.trajectory_recorder][INFO] : Started recording end-effector trajectory... :(draw_circle_grid_trajectory.py:69)
[2025-07-06 12:21:17][neurapy_logger.circle_drawing.trajectory_recorder][INFO] : Stopped recording. Captured 266 positions. :(draw_circle_grid_trajectory.py:76)
[2025-07-06 12:21:18][neurapy_logger.circle_drawing][INFO] : Trajectory visualization saved to: NeuraPy\data\drawing_visualization\circle_trajectory_2025-07-06_12-21-17.png :(draw_circle_grid_trajectory.py:207)
[2025-07-06 12:21:18][neurapy_logger.circle_drawing][INFO] : Circle completed successfully! :(draw_circle_grid_trajectory.py:328)
[2025-07-06 12:21:18][neurapy_logger.circle_drawing][INFO] : Returning to safe position... :(draw_circle_grid_trajectory.py:461)
[2025-07-06 12:21:35][neurapy_logger.circle_drawing][INFO] : User requested to quit :(draw_circle_grid_trajectory.py:406)
[2025-07-06 12:21:35][neurapy_logger.circle_drawing][INFO] : Robot stopped safely. :(draw_circle_grid_trajectory.py:492)
