[2025-07-06 12:21:49][neurapy_logger.circle_drawing][INFO] : Logging to file: NeuraPy\data\logs\circle_drawing_2025-07-06_12-21-49.log :(draw_circle_grid_trajectory.py:48)
[2025-07-06 12:21:49][neurapy_logger.circle_drawing][INFO] : Starting circle drawing session :(draw_circle_grid_trajectory.py:352)
[2025-07-06 12:21:50][neurapy_logger.circle_drawing][INFO] : Robot initialized successfully. :(draw_circle_grid_trajectory.py:359)
[2025-07-06 12:21:50][neurapy_logger.circle_drawing][INFO] : Loading positions from: c:\Users\chris\Documents\neuroTUM\NeuroMotion\neuromotion\NeuraPy\data\tictactoe_positions.json :(draw_circle_grid_trajectory.py:378)
[2025-07-06 12:21:50][neurapy_logger.circle_drawing][INFO] : Robot already in safe position. :(draw_circle_grid_trajectory.py:396)
[2025-07-06 12:22:07][neurapy_logger.circle_drawing][INFO] : Moving to joint position of selected cell: middle_left :(draw_circle_grid_trajectory.py:421)
[2025-07-06 12:22:14][neurapy_logger.circle_drawing][INFO] : Current TCP pose: [-0.184, 0.293, 1.551, -1.616, 1.623, 0.175] :(draw_circle_grid_trajectory.py:428)
[2025-07-06 12:22:14][neurapy_logger.circle_drawing][INFO] : Drawing circle with radius: 0.040 m (with visualization) :(draw_circle_grid_trajectory.py:268)
[2025-07-06 12:22:14][neurapy_logger.circle_drawing][ERROR] : Circle validation failed for radius 0.040m :(draw_circle_grid_trajectory.py:272)
[2025-07-06 12:22:14][neurapy_logger.circle_drawing][INFO] : Drawing circle with radius: 0.036 m (with visualization) :(draw_circle_grid_trajectory.py:268)
[2025-07-06 12:22:15][neurapy_logger.circle_drawing][ERROR] : Circle validation failed for radius 0.036m :(draw_circle_grid_trajectory.py:272)
[2025-07-06 12:22:15][neurapy_logger.circle_drawing][INFO] : Drawing circle with radius: 0.030 m (with visualization) :(draw_circle_grid_trajectory.py:268)
[2025-07-06 12:22:16][neurapy_logger.circle_drawing.trajectory_recorder][INFO] : Started recording end-effector trajectory... :(draw_circle_grid_trajectory.py:69)
[2025-07-06 12:22:16][neurapy_logger.circle_drawing][ERROR] : Unexpected IK error at point 1: Couldn't find the IK for the given pose :(draw_circle_grid_trajectory.py:299)
[2025-07-06 12:22:16][neurapy_logger.circle_drawing][INFO] : Predefined radii failed, finding best radius automatically... :(draw_circle_grid_trajectory.py:447)
[2025-07-06 12:22:18][neurapy_logger.circle_drawing][INFO] : Drawing circle with radius: 0.038 m (with visualization) :(draw_circle_grid_trajectory.py:268)
[2025-07-06 12:22:18][neurapy_logger.circle_drawing][ERROR] : Circle validation failed for radius 0.038m :(draw_circle_grid_trajectory.py:272)
[2025-07-06 12:22:18][neurapy_logger.circle_drawing][ERROR] : All radius attempts failed :(draw_circle_grid_trajectory.py:458)
[2025-07-06 12:22:18][neurapy_logger.circle_drawing][INFO] : Returning to safe position... :(draw_circle_grid_trajectory.py:461)
[2025-07-06 12:22:40][neurapy_logger.circle_drawing][INFO] : User requested to quit :(draw_circle_grid_trajectory.py:406)
[2025-07-06 12:22:40][neurapy_logger.circle_drawing][INFO] : Robot stopped safely. :(draw_circle_grid_trajectory.py:492)
